#
# There is insufficient memory for the Java Runtime Environment to continue.
# Native memory allocation (mmap) failed to map 480247808 bytes. Error detail: G1 virtual space
# Possible reasons:
#   The system is out of physical RAM or swap space
#   This process is running with CompressedOops enabled, and the Java Heap may be blocking the growth of the native heap
# Possible solutions:
#   Reduce memory load on the system
#   Increase physical memory or swap space
#   Check if swap backing store is full
#   Decrease Java heap size (-Xmx/-Xms)
#   Decrease number of Java threads
#   Decrease Java thread stack sizes (-Xss)
#   Set larger code cache with -XX:ReservedCodeCacheSize=
#   JVM is running with Unscaled Compressed Oops mode in which the Java heap is
#     placed in the first 4GB address space. The Java Heap base address is the
#     maximum limit for the native heap growth. Please use -XX:HeapBaseMinAddress
#     to set the Java Heap base and to place the Java Heap above 4GB virtual address.
# This output file may be truncated or incomplete.
#
#  Out of Memory Error (os_windows.cpp:3631), pid=8152, tid=14172
#
# JRE version: Java(TM) SE Runtime Environment (22.0.1+8) (build 22.0.1+8-16)
# Java VM: Java HotSpot(TM) 64-Bit Server VM (22.0.1+8-16, mixed mode, sharing, tiered, compressed oops, compressed class ptrs, g1 gc, windows-amd64)
# No core dump will be written. Minidumps are not enabled by default on client versions of Windows
#

---------------  S U M M A R Y ------------

Command Line: -Duser.language=en C:\Users\USER\.cache\firebase\emulators\firebase-database-emulator-v4.11.2.jar --host 127.0.0.1 --port 9000 --single_project_mode Warning

Host: AMD Ryzen 5 2600 Six-Core Processor            , 12 cores, 7G,  Windows 10 , 64 bit Build 19041 (10.0.19041.5072)
Time: Sun Nov 24 18:50:37 2024 Hora estándar de Argentina elapsed time: 76294.344235 seconds (0d 21h 11m 34s)

---------------  T H R E A D  ---------------

Current thread (0x000001967abe2a10):  VMThread "VM Thread"          [id=14172, stack(0x0000005ba6400000,0x0000005ba6500000) (1024K)]

Stack: [0x0000005ba6400000,0x0000005ba6500000]
Native frames: (J=compiled Java code, j=interpreted, Vv=VM code, C=native code)
V  [jvm.dll+0x6e2279]  (no source info available)
V  [jvm.dll+0x874e33]  (no source info available)
V  [jvm.dll+0x87725e]  (no source info available)
V  [jvm.dll+0x877933]  (no source info available)
V  [jvm.dll+0x27fd76]  (no source info available)
V  [jvm.dll+0x6de915]  (no source info available)
V  [jvm.dll+0x6d341a]  (no source info available)
V  [jvm.dll+0x3589da]  (no source info available)
V  [jvm.dll+0x360f06]  (no source info available)
V  [jvm.dll+0x3b3e2e]  (no source info available)
V  [jvm.dll+0x3b40d8]  (no source info available)
V  [jvm.dll+0x32c59c]  (no source info available)
V  [jvm.dll+0x32c627]  (no source info available)
V  [jvm.dll+0x37229c]  (no source info available)
V  [jvm.dll+0x370996]  (no source info available)
V  [jvm.dll+0x32bc87]  (no source info available)
V  [jvm.dll+0x370154]  (no source info available)
V  [jvm.dll+0x87d7d0]  (no source info available)
V  [jvm.dll+0x87eb57]  (no source info available)
V  [jvm.dll+0x87f0d0]  (no source info available)
V  [jvm.dll+0x87f373]  (no source info available)
V  [jvm.dll+0x81d44b]  (no source info available)
V  [jvm.dll+0x6e0915]  (no source info available)
C  [ucrtbase.dll+0x21bb2]  (no source info available)
C  [KERNEL32.DLL+0x17374]  (no source info available)
C  [ntdll.dll+0x4cc91]  (no source info available)

VM_Operation (0x0000005ba79feec0): G1CollectForAllocation, mode: safepoint, requested by thread 0x0000019655788cd0


---------------  P R O C E S S  ---------------

Threads class SMR info:
_java_thread_list=0x0000019656f401e0, length=21, elements={
0x000001966cf094e0, 0x000001967ac020f0, 0x000001967ac02e10, 0x000001967ac04e00,
0x000001967ac05ae0, 0x000001967ac09570, 0x000001967ac2d4e0, 0x000001967ac3a2a0,
0x000001967ac3bb40, 0x00000196542be370, 0x00000196542e5b10, 0x0000019655788cd0,
0x00000196559147d0, 0x0000019655913420, 0x00000196559119e0, 0x0000019655912070,
0x00000196574b8fe0, 0x00000196574baa20, 0x00000196574b61f0, 0x00000196574b6880,
0x00000196574ba390
}

Java Threads: ( => current thread )
  0x000001966cf094e0 JavaThread "main"                              [_thread_blocked, id=16360, stack(0x0000005ba5d00000,0x0000005ba5e00000) (1024K)]
  0x000001967ac020f0 JavaThread "Reference Handler"          daemon [_thread_blocked, id=20036, stack(0x0000005ba6500000,0x0000005ba6600000) (1024K)]
  0x000001967ac02e10 JavaThread "Finalizer"                  daemon [_thread_blocked, id=4184, stack(0x0000005ba6600000,0x0000005ba6700000) (1024K)]
  0x000001967ac04e00 JavaThread "Signal Dispatcher"          daemon [_thread_blocked, id=19176, stack(0x0000005ba6700000,0x0000005ba6800000) (1024K)]
  0x000001967ac05ae0 JavaThread "Attach Listener"            daemon [_thread_blocked, id=8120, stack(0x0000005ba6800000,0x0000005ba6900000) (1024K)]
  0x000001967ac09570 JavaThread "Service Thread"             daemon [_thread_blocked, id=7540, stack(0x0000005ba6900000,0x0000005ba6a00000) (1024K)]
  0x000001967ac2d4e0 JavaThread "Monitor Deflation Thread"   daemon [_thread_blocked, id=7148, stack(0x0000005ba6a00000,0x0000005ba6b00000) (1024K)]
  0x000001967ac3a2a0 JavaThread "C2 CompilerThread0"         daemon [_thread_blocked, id=7532, stack(0x0000005ba6b00000,0x0000005ba6c00000) (1024K)]
  0x000001967ac3bb40 JavaThread "C1 CompilerThread0"         daemon [_thread_blocked, id=17708, stack(0x0000005ba6c00000,0x0000005ba6d00000) (1024K)]
  0x00000196542be370 JavaThread "Notification Thread"        daemon [_thread_blocked, id=2012, stack(0x0000005ba6d00000,0x0000005ba6e00000) (1024K)]
  0x00000196542e5b10 JavaThread "Common-Cleaner"             daemon [_thread_blocked, id=2336, stack(0x0000005ba6e00000,0x0000005ba6f00000) (1024K)]
  0x0000019655788cd0 JavaThread "NamespaceSystem-scheduler-1"        [_thread_blocked, id=5968, stack(0x0000005ba7900000,0x0000005ba7a00000) (1024K)]
  0x00000196559147d0 JavaThread "pool-1-thread-1"                   [_thread_blocked, id=17440, stack(0x0000005ba7f00000,0x0000005ba8000000) (1024K)]
  0x0000019655913420 JavaThread "NettyBossSocket-3-1"               [_thread_blocked, id=4772, stack(0x0000005ba8000000,0x0000005ba8100000) (1024K)]
  0x00000196559119e0 JavaThread "FirebaseWorkerPool-1-1"            [_thread_blocked, id=20376, stack(0x0000005ba8100000,0x0000005ba8200000) (1024K)]
  0x0000019655912070 JavaThread "FirebaseWorkerPool-1-2"            [_thread_blocked, id=6080, stack(0x0000005ba8200000,0x0000005ba8300000) (1024K)]
  0x00000196574b8fe0 JavaThread "FirebaseWorkerPool-1-3"            [_thread_blocked, id=2488, stack(0x0000005ba6f00000,0x0000005ba7000000) (1024K)]
  0x00000196574baa20 JavaThread "FirebaseWorkerPool-1-4"            [_thread_blocked, id=18212, stack(0x0000005ba5a00000,0x0000005ba5b00000) (1024K)]
  0x00000196574b61f0 JavaThread "Timer-0"                           [_thread_blocked, id=8676, stack(0x0000005ba7b00000,0x0000005ba7c00000) (1024K)]
  0x00000196574b6880 JavaThread "NamespaceSystem-akka.actor.default-dispatcher-22"        [_thread_blocked, id=13628, stack(0x0000005ba5b00000,0x0000005ba5c00000) (1024K)]
  0x00000196574ba390 JavaThread "NamespaceSystem-akka.actor.default-dispatcher-25"        [_thread_blocked, id=12040, stack(0x0000005ba7c00000,0x0000005ba7d00000) (1024K)]
Total: 21

Other Threads:
=>0x000001967abe2a10 VMThread "VM Thread"                           [id=14172, stack(0x0000005ba6400000,0x0000005ba6500000) (1024K)]
  0x000001967abca370 WatcherThread "VM Periodic Task Thread"        [id=2432, stack(0x0000005ba6300000,0x0000005ba6400000) (1024K)]
  0x000001966cf61190 WorkerThread "GC Thread#0"                     [id=15260, stack(0x0000005ba5e00000,0x0000005ba5f00000) (1024K)]
  0x0000019654beaab0 WorkerThread "GC Thread#1"                     [id=18852, stack(0x0000005ba7000000,0x0000005ba7100000) (1024K)]
  0x0000019654beae60 WorkerThread "GC Thread#2"                     [id=18688, stack(0x0000005ba7100000,0x0000005ba7200000) (1024K)]
  0x0000019654a86850 WorkerThread "GC Thread#3"                     [id=4064, stack(0x0000005ba7200000,0x0000005ba7300000) (1024K)]
  0x0000019654a86c00 WorkerThread "GC Thread#4"                     [id=12856, stack(0x0000005ba7300000,0x0000005ba7400000) (1024K)]
  0x0000019654a88fc0 WorkerThread "GC Thread#5"                     [id=7776, stack(0x0000005ba7400000,0x0000005ba7500000) (1024K)]
  0x0000019654a89780 WorkerThread "GC Thread#6"                     [id=20056, stack(0x0000005ba7500000,0x0000005ba7600000) (1024K)]
  0x0000019654a89f40 WorkerThread "GC Thread#7"                     [id=10824, stack(0x0000005ba7600000,0x0000005ba7700000) (1024K)]
  0x0000019654a8a6f0 WorkerThread "GC Thread#8"                     [id=9296, stack(0x0000005ba7700000,0x0000005ba7800000) (1024K)]
  0x0000019654a8be70 WorkerThread "GC Thread#9"                     [id=15852, stack(0x0000005ba7800000,0x0000005ba7900000) (1024K)]
  0x000001966cf71ff0 ConcurrentGCThread "G1 Main Marker"            [id=9008, stack(0x0000005ba5f00000,0x0000005ba6000000) (1024K)]
  0x000001966cf731a0 WorkerThread "G1 Conc#0"                       [id=19740, stack(0x0000005ba6000000,0x0000005ba6100000) (1024K)]
  0x0000019654a8c220 WorkerThread "G1 Conc#1"                       [id=4280, stack(0x0000005ba7d00000,0x0000005ba7e00000) (1024K)]
  0x0000019654a8bac0 WorkerThread "G1 Conc#2"                       [id=12008, stack(0x0000005ba7e00000,0x0000005ba7f00000) (1024K)]
  0x000001967aa8b540 ConcurrentGCThread "G1 Refine#0"               [id=17748, stack(0x0000005ba6100000,0x0000005ba6200000) (1024K)]
  0x000001967aa8bd70 ConcurrentGCThread "G1 Service"                [id=1596, stack(0x0000005ba6200000,0x0000005ba6300000) (1024K)]
Total: 18

Threads with active compile tasks:
Total: 0

VM state: at safepoint (normal execution)

VM Mutex/Monitor currently owned by a thread:  ([mutex/lock_event])
[0x00007ffdd9d3bbb8] Threads_lock - owner thread: 0x000001967abe2a10
[0x00007ffdd9d3bcb8] Heap_lock - owner thread: 0x0000019655788cd0

Heap address: 0x0000000081200000, size: 2030 MB, Compressed Oops mode: 32-bit

CDS archive(s) mapped at: [0x000001960f000000-0x000001960fc60000-0x000001960fc60000), size 12976128, SharedBaseAddress: 0x000001960f000000, ArchiveRelocationMode: 1.
Compressed class space mapped at: 0x0000019610000000-0x0000019650000000, reserved size: 1073741824
Narrow klass base: 0x000001960f000000, Narrow klass shift: 0, Narrow klass range: 0x41000000

GC Precious Log:
 CardTable entry size: 512
 Card Set container configuration: InlinePtr #cards 5 size 8 Array Of Cards #cards 12 size 40 Howl #buckets 4 coarsen threshold 1843 Howl Bitmap #cards 512 size 80 coarsen threshold 460 Card regions per heap region 1 cards per card region 2048
 CPUs: 12 total, 12 available
 Memory: 8117M
 Large Page Support: Disabled
 NUMA Support: Disabled
 Compressed Oops: Enabled (32-bit)
 Heap Region Size: 1M
 Heap Min Capacity: 8M
 Heap Initial Capacity: 128M
 Heap Max Capacity: 2030M
 Pre-touch: Disabled
 Parallel Workers: 10
 Concurrent Workers: 3
 Concurrent Refinement Workers: 10
 Periodic GC: Disabled

Heap:
 garbage-first heap   total reserved 2078720K, committed 242688K, used 11760K [0x0000000081200000, 0x0000000100000000)
  region size 1024K, 1 young (1024K), 1 survivors (1024K)
 Metaspace       used 38546K, committed 39040K, reserved 1114112K
  class space    used 5636K, committed 5824K, reserved 1048576K

Heap Regions: E=young(eden), S=young(survivor), O=old, HS=humongous(starts), HC=humongous(continues), CS=collection set, F=free, TAMS=top-at-mark-start, PB=parsable bottom
|   0|0x0000000081200000, 0x0000000081300000, 0x0000000081300000|100%| O|  |TAMS 0x0000000081200000| PB 0x0000000081200000| Untracked |  0
|   1|0x0000000081300000, 0x0000000081400000, 0x0000000081400000|100%| O|  |TAMS 0x0000000081300000| PB 0x0000000081300000| Untracked |  0
|   2|0x0000000081400000, 0x0000000081500000, 0x0000000081500000|100%|HS|  |TAMS 0x0000000081400000| PB 0x0000000081400000| Complete |  0
|   3|0x0000000081500000, 0x0000000081600000, 0x0000000081600000|100%|HC|  |TAMS 0x0000000081500000| PB 0x0000000081500000| Complete |  0
|   4|0x0000000081600000, 0x0000000081700000, 0x0000000081700000|100%| O|  |TAMS 0x0000000081600000| PB 0x0000000081600000| Untracked |  0
|   5|0x0000000081700000, 0x0000000081800000, 0x0000000081800000|100%| O|  |TAMS 0x0000000081700000| PB 0x0000000081700000| Untracked |  0
|   6|0x0000000081800000, 0x0000000081900000, 0x0000000081900000|100%| O|  |TAMS 0x0000000081800000| PB 0x0000000081800000| Untracked |  0
|   7|0x0000000081900000, 0x0000000081a00000, 0x0000000081a00000|100%| O|  |TAMS 0x0000000081900000| PB 0x0000000081900000| Untracked |  0
|   8|0x0000000081a00000, 0x0000000081b00000, 0x0000000081b00000|100%| O|  |TAMS 0x0000000081a00000| PB 0x0000000081a00000| Untracked |  0
|   9|0x0000000081b00000, 0x0000000081c00000, 0x0000000081c00000|100%| O|  |TAMS 0x0000000081b00000| PB 0x0000000081b00000| Untracked |  0
|  10|0x0000000081c00000, 0x0000000081c6b810, 0x0000000081d00000| 41%| O|  |TAMS 0x0000000081c00000| PB 0x0000000081c00000| Untracked |  0
|  11|0x0000000081d00000, 0x0000000081d00000, 0x0000000081e00000|  0%| F|  |TAMS 0x0000000081d00000| PB 0x0000000081d00000| Untracked |  0
|  12|0x0000000081e00000, 0x0000000081e00000, 0x0000000081f00000|  0%| F|  |TAMS 0x0000000081e00000| PB 0x0000000081e00000| Untracked |  0
|  13|0x0000000081f00000, 0x0000000082000000, 0x0000000082000000|100%| O|  |TAMS 0x0000000081f00000| PB 0x0000000081f00000| Untracked |  0
|  14|0x0000000082000000, 0x0000000082000000, 0x0000000082100000|  0%| F|  |TAMS 0x0000000082000000| PB 0x0000000082000000| Untracked |  0
|  15|0x0000000082100000, 0x0000000082100000, 0x0000000082200000|  0%| F|  |TAMS 0x0000000082100000| PB 0x0000000082100000| Untracked |  0
|  16|0x0000000082200000, 0x0000000082200000, 0x0000000082300000|  0%| F|  |TAMS 0x0000000082200000| PB 0x0000000082200000| Untracked |  0
|  17|0x0000000082300000, 0x0000000082300000, 0x0000000082400000|  0%| F|  |TAMS 0x0000000082300000| PB 0x0000000082300000| Untracked |  0
|  18|0x0000000082400000, 0x0000000082400000, 0x0000000082500000|  0%| F|  |TAMS 0x0000000082400000| PB 0x0000000082400000| Untracked |  0
|  19|0x0000000082500000, 0x0000000082500000, 0x0000000082600000|  0%| F|  |TAMS 0x0000000082500000| PB 0x0000000082500000| Untracked |  0
|  20|0x0000000082600000, 0x0000000082600000, 0x0000000082700000|  0%| F|  |TAMS 0x0000000082600000| PB 0x0000000082600000| Untracked |  0
|  21|0x0000000082700000, 0x0000000082700000, 0x0000000082800000|  0%| F|  |TAMS 0x0000000082700000| PB 0x0000000082700000| Untracked |  0
|  22|0x0000000082800000, 0x0000000082800000, 0x0000000082900000|  0%| F|  |TAMS 0x0000000082800000| PB 0x0000000082800000| Untracked |  0
|  23|0x0000000082900000, 0x0000000082900000, 0x0000000082a00000|  0%| F|  |TAMS 0x0000000082900000| PB 0x0000000082900000| Untracked |  0
|  24|0x0000000082a00000, 0x0000000082a00000, 0x0000000082b00000|  0%| F|  |TAMS 0x0000000082a00000| PB 0x0000000082a00000| Untracked |  0
|  25|0x0000000082b00000, 0x0000000082b00000, 0x0000000082c00000|  0%| F|  |TAMS 0x0000000082b00000| PB 0x0000000082b00000| Untracked |  0
|  26|0x0000000082c00000, 0x0000000082c00000, 0x0000000082d00000|  0%| F|  |TAMS 0x0000000082c00000| PB 0x0000000082c00000| Untracked |  0
|  27|0x0000000082d00000, 0x0000000082d00000, 0x0000000082e00000|  0%| F|  |TAMS 0x0000000082d00000| PB 0x0000000082d00000| Untracked |  0
|  28|0x0000000082e00000, 0x0000000082e00000, 0x0000000082f00000|  0%| F|  |TAMS 0x0000000082e00000| PB 0x0000000082e00000| Untracked |  0
|  29|0x0000000082f00000, 0x0000000082f00000, 0x0000000083000000|  0%| F|  |TAMS 0x0000000082f00000| PB 0x0000000082f00000| Untracked |  0
|  30|0x0000000083000000, 0x0000000083000000, 0x0000000083100000|  0%| F|  |TAMS 0x0000000083000000| PB 0x0000000083000000| Untracked |  0
|  31|0x0000000083100000, 0x0000000083100000, 0x0000000083200000|  0%| F|  |TAMS 0x0000000083100000| PB 0x0000000083100000| Untracked |  0
|  32|0x0000000083200000, 0x0000000083200000, 0x0000000083300000|  0%| F|  |TAMS 0x0000000083200000| PB 0x0000000083200000| Untracked |  0
|  33|0x0000000083300000, 0x0000000083300000, 0x0000000083400000|  0%| F|  |TAMS 0x0000000083300000| PB 0x0000000083300000| Untracked |  0
|  34|0x0000000083400000, 0x0000000083400000, 0x0000000083500000|  0%| F|  |TAMS 0x0000000083400000| PB 0x0000000083400000| Untracked |  0
|  35|0x0000000083500000, 0x0000000083500000, 0x0000000083600000|  0%| F|  |TAMS 0x0000000083500000| PB 0x0000000083500000| Untracked |  0
|  36|0x0000000083600000, 0x0000000083600000, 0x0000000083700000|  0%| F|  |TAMS 0x0000000083600000| PB 0x0000000083600000| Untracked |  0
|  37|0x0000000083700000, 0x0000000083700000, 0x0000000083800000|  0%| F|  |TAMS 0x0000000083700000| PB 0x0000000083700000| Untracked |  0
|  38|0x0000000083800000, 0x0000000083800000, 0x0000000083900000|  0%| F|  |TAMS 0x0000000083800000| PB 0x0000000083800000| Untracked |  0
|  39|0x0000000083900000, 0x0000000083900000, 0x0000000083a00000|  0%| F|  |TAMS 0x0000000083900000| PB 0x0000000083900000| Untracked |  0
|  40|0x0000000083a00000, 0x0000000083a00000, 0x0000000083b00000|  0%| F|  |TAMS 0x0000000083a00000| PB 0x0000000083a00000| Untracked |  0
|  41|0x0000000083b00000, 0x0000000083b00000, 0x0000000083c00000|  0%| F|  |TAMS 0x0000000083b00000| PB 0x0000000083b00000| Untracked |  0
|  42|0x0000000083c00000, 0x0000000083c00000, 0x0000000083d00000|  0%| F|  |TAMS 0x0000000083c00000| PB 0x0000000083c00000| Untracked |  0
|  43|0x0000000083d00000, 0x0000000083d00000, 0x0000000083e00000|  0%| F|  |TAMS 0x0000000083d00000| PB 0x0000000083d00000| Untracked |  0
|  44|0x0000000083e00000, 0x0000000083e00000, 0x0000000083f00000|  0%| F|  |TAMS 0x0000000083e00000| PB 0x0000000083e00000| Untracked |  0
|  45|0x0000000083f00000, 0x0000000083f00000, 0x0000000084000000|  0%| F|  |TAMS 0x0000000083f00000| PB 0x0000000083f00000| Untracked |  0
|  46|0x0000000084000000, 0x0000000084000000, 0x0000000084100000|  0%| F|  |TAMS 0x0000000084000000| PB 0x0000000084000000| Untracked |  0
|  47|0x0000000084100000, 0x0000000084100000, 0x0000000084200000|  0%| F|  |TAMS 0x0000000084100000| PB 0x0000000084100000| Untracked |  0
|  48|0x0000000084200000, 0x0000000084200000, 0x0000000084300000|  0%| F|  |TAMS 0x0000000084200000| PB 0x0000000084200000| Untracked |  0
|  49|0x0000000084300000, 0x0000000084300000, 0x0000000084400000|  0%| F|  |TAMS 0x0000000084300000| PB 0x0000000084300000| Untracked |  0
|  50|0x0000000084400000, 0x0000000084400000, 0x0000000084500000|  0%| F|  |TAMS 0x0000000084400000| PB 0x0000000084400000| Untracked |  0
|  51|0x0000000084500000, 0x0000000084500000, 0x0000000084600000|  0%| F|  |TAMS 0x0000000084500000| PB 0x0000000084500000| Untracked |  0
|  52|0x0000000084600000, 0x0000000084600000, 0x0000000084700000|  0%| F|  |TAMS 0x0000000084600000| PB 0x0000000084600000| Untracked |  0
|  53|0x0000000084700000, 0x0000000084700000, 0x0000000084800000|  0%| F|  |TAMS 0x0000000084700000| PB 0x0000000084700000| Untracked |  0
|  54|0x0000000084800000, 0x0000000084800000, 0x0000000084900000|  0%| F|  |TAMS 0x0000000084800000| PB 0x0000000084800000| Untracked |  0
|  55|0x0000000084900000, 0x0000000084900000, 0x0000000084a00000|  0%| F|  |TAMS 0x0000000084900000| PB 0x0000000084900000| Untracked |  0
|  56|0x0000000084a00000, 0x0000000084a00000, 0x0000000084b00000|  0%| F|  |TAMS 0x0000000084a00000| PB 0x0000000084a00000| Untracked |  0
|  57|0x0000000084b00000, 0x0000000084b00000, 0x0000000084c00000|  0%| F|  |TAMS 0x0000000084b00000| PB 0x0000000084b00000| Untracked |  0
|  58|0x0000000084c00000, 0x0000000084c00000, 0x0000000084d00000|  0%| F|  |TAMS 0x0000000084c00000| PB 0x0000000084c00000| Untracked |  0
|  59|0x0000000084d00000, 0x0000000084d00000, 0x0000000084e00000|  0%| F|  |TAMS 0x0000000084d00000| PB 0x0000000084d00000| Untracked |  0
|  60|0x0000000084e00000, 0x0000000084e00000, 0x0000000084f00000|  0%| F|  |TAMS 0x0000000084e00000| PB 0x0000000084e00000| Untracked |  0
|  61|0x0000000084f00000, 0x0000000084f00000, 0x0000000085000000|  0%| F|  |TAMS 0x0000000084f00000| PB 0x0000000084f00000| Untracked |  0
|  62|0x0000000085000000, 0x0000000085000000, 0x0000000085100000|  0%| F|  |TAMS 0x0000000085000000| PB 0x0000000085000000| Untracked |  0
|  63|0x0000000085100000, 0x0000000085100000, 0x0000000085200000|  0%| F|  |TAMS 0x0000000085100000| PB 0x0000000085100000| Untracked |  0
|  64|0x0000000085200000, 0x0000000085200000, 0x0000000085300000|  0%| F|  |TAMS 0x0000000085200000| PB 0x0000000085200000| Untracked |  0
|  65|0x0000000085300000, 0x0000000085300000, 0x0000000085400000|  0%| F|  |TAMS 0x0000000085300000| PB 0x0000000085300000| Untracked |  0
|  66|0x0000000085400000, 0x0000000085400000, 0x0000000085500000|  0%| F|  |TAMS 0x0000000085400000| PB 0x0000000085400000| Untracked |  0
|  67|0x0000000085500000, 0x0000000085500000, 0x0000000085600000|  0%| F|  |TAMS 0x0000000085500000| PB 0x0000000085500000| Untracked |  0
|  68|0x0000000085600000, 0x0000000085600000, 0x0000000085700000|  0%| F|  |TAMS 0x0000000085600000| PB 0x0000000085600000| Untracked |  0
|  69|0x0000000085700000, 0x0000000085700000, 0x0000000085800000|  0%| F|  |TAMS 0x0000000085700000| PB 0x0000000085700000| Untracked |  0
|  70|0x0000000085800000, 0x0000000085800000, 0x0000000085900000|  0%| F|  |TAMS 0x0000000085800000| PB 0x0000000085800000| Untracked |  0
|  71|0x0000000085900000, 0x0000000085900000, 0x0000000085a00000|  0%| F|  |TAMS 0x0000000085900000| PB 0x0000000085900000| Untracked |  0
|  72|0x0000000085a00000, 0x0000000085a00000, 0x0000000085b00000|  0%| F|  |TAMS 0x0000000085a00000| PB 0x0000000085a00000| Untracked |  0
|  73|0x0000000085b00000, 0x0000000085b00000, 0x0000000085c00000|  0%| F|  |TAMS 0x0000000085b00000| PB 0x0000000085b00000| Untracked |  0
|  74|0x0000000085c00000, 0x0000000085c00000, 0x0000000085d00000|  0%| F|  |TAMS 0x0000000085c00000| PB 0x0000000085c00000| Untracked |  0
|  75|0x0000000085d00000, 0x0000000085d00000, 0x0000000085e00000|  0%| F|  |TAMS 0x0000000085d00000| PB 0x0000000085d00000| Untracked |  0
|  76|0x0000000085e00000, 0x0000000085e00000, 0x0000000085f00000|  0%| F|  |TAMS 0x0000000085e00000| PB 0x0000000085e00000| Untracked |  0
|  77|0x0000000085f00000, 0x0000000085f00000, 0x0000000086000000|  0%| F|  |TAMS 0x0000000085f00000| PB 0x0000000085f00000| Untracked |  0
|  78|0x0000000086000000, 0x0000000086000000, 0x0000000086100000|  0%| F|  |TAMS 0x0000000086000000| PB 0x0000000086000000| Untracked |  0
|  79|0x0000000086100000, 0x0000000086100000, 0x0000000086200000|  0%| F|  |TAMS 0x0000000086100000| PB 0x0000000086100000| Untracked |  0
|  80|0x0000000086200000, 0x0000000086200000, 0x0000000086300000|  0%| F|  |TAMS 0x0000000086200000| PB 0x0000000086200000| Untracked |  0
|  81|0x0000000086300000, 0x0000000086300000, 0x0000000086400000|  0%| F|  |TAMS 0x0000000086300000| PB 0x0000000086300000| Untracked |  0
|  82|0x0000000086400000, 0x0000000086400000, 0x0000000086500000|  0%| F|  |TAMS 0x0000000086400000| PB 0x0000000086400000| Untracked |  0
|  83|0x0000000086500000, 0x0000000086500000, 0x0000000086600000|  0%| F|  |TAMS 0x0000000086500000| PB 0x0000000086500000| Untracked |  0
|  84|0x0000000086600000, 0x0000000086600000, 0x0000000086700000|  0%| F|  |TAMS 0x0000000086600000| PB 0x0000000086600000| Untracked |  0
|  85|0x0000000086700000, 0x0000000086700000, 0x0000000086800000|  0%| F|  |TAMS 0x0000000086700000| PB 0x0000000086700000| Untracked |  0
|  86|0x0000000086800000, 0x0000000086800000, 0x0000000086900000|  0%| F|  |TAMS 0x0000000086800000| PB 0x0000000086800000| Untracked |  0
|  87|0x0000000086900000, 0x0000000086900000, 0x0000000086a00000|  0%| F|  |TAMS 0x0000000086900000| PB 0x0000000086900000| Untracked |  0
|  88|0x0000000086a00000, 0x0000000086a00000, 0x0000000086b00000|  0%| F|  |TAMS 0x0000000086a00000| PB 0x0000000086a00000| Untracked |  0
|  89|0x0000000086b00000, 0x0000000086b00000, 0x0000000086c00000|  0%| F|  |TAMS 0x0000000086b00000| PB 0x0000000086b00000| Untracked |  0
|  90|0x0000000086c00000, 0x0000000086c00000, 0x0000000086d00000|  0%| F|  |TAMS 0x0000000086c00000| PB 0x0000000086c00000| Untracked |  0
|  91|0x0000000086d00000, 0x0000000086d00000, 0x0000000086e00000|  0%| F|  |TAMS 0x0000000086d00000| PB 0x0000000086d00000| Untracked |  0
|  92|0x0000000086e00000, 0x0000000086e00000, 0x0000000086f00000|  0%| F|  |TAMS 0x0000000086e00000| PB 0x0000000086e00000| Untracked |  0
|  93|0x0000000086f00000, 0x0000000086f00000, 0x0000000087000000|  0%| F|  |TAMS 0x0000000086f00000| PB 0x0000000086f00000| Untracked |  0
|  94|0x0000000087000000, 0x0000000087000000, 0x0000000087100000|  0%| F|  |TAMS 0x0000000087000000| PB 0x0000000087000000| Untracked |  0
|  95|0x0000000087100000, 0x0000000087100000, 0x0000000087200000|  0%| F|  |TAMS 0x0000000087100000| PB 0x0000000087100000| Untracked |  0
|  96|0x0000000087200000, 0x0000000087200000, 0x0000000087300000|  0%| F|  |TAMS 0x0000000087200000| PB 0x0000000087200000| Untracked |  0
|  97|0x0000000087300000, 0x0000000087300000, 0x0000000087400000|  0%| F|  |TAMS 0x0000000087300000| PB 0x0000000087300000| Untracked |  0
|  98|0x0000000087400000, 0x0000000087400000, 0x0000000087500000|  0%| F|  |TAMS 0x0000000087400000| PB 0x0000000087400000| Untracked |  0
|  99|0x0000000087500000, 0x0000000087500000, 0x0000000087600000|  0%| F|  |TAMS 0x0000000087500000| PB 0x0000000087500000| Untracked |  0
| 100|0x0000000087600000, 0x0000000087600000, 0x0000000087700000|  0%| F|  |TAMS 0x0000000087600000| PB 0x0000000087600000| Untracked |  0
| 101|0x0000000087700000, 0x0000000087700000, 0x0000000087800000|  0%| F|  |TAMS 0x0000000087700000| PB 0x0000000087700000| Untracked |  0
| 102|0x0000000087800000, 0x0000000087800000, 0x0000000087900000|  0%| F|  |TAMS 0x0000000087800000| PB 0x0000000087800000| Untracked |  0
| 103|0x0000000087900000, 0x0000000087900000, 0x0000000087a00000|  0%| F|  |TAMS 0x0000000087900000| PB 0x0000000087900000| Untracked |  0
| 104|0x0000000087a00000, 0x0000000087a00000, 0x0000000087b00000|  0%| F|  |TAMS 0x0000000087a00000| PB 0x0000000087a00000| Untracked |  0
| 105|0x0000000087b00000, 0x0000000087b00000, 0x0000000087c00000|  0%| F|  |TAMS 0x0000000087b00000| PB 0x0000000087b00000| Untracked |  0
| 106|0x0000000087c00000, 0x0000000087c00000, 0x0000000087d00000|  0%| F|  |TAMS 0x0000000087c00000| PB 0x0000000087c00000| Untracked |  0
| 107|0x0000000087d00000, 0x0000000087d00000, 0x0000000087e00000|  0%| F|  |TAMS 0x0000000087d00000| PB 0x0000000087d00000| Untracked |  0
| 108|0x0000000087e00000, 0x0000000087e00000, 0x0000000087f00000|  0%| F|  |TAMS 0x0000000087e00000| PB 0x0000000087e00000| Untracked |  0
| 109|0x0000000087f00000, 0x0000000087f00000, 0x0000000088000000|  0%| F|  |TAMS 0x0000000087f00000| PB 0x0000000087f00000| Untracked |  0
| 110|0x0000000088000000, 0x0000000088000000, 0x0000000088100000|  0%| F|  |TAMS 0x0000000088000000| PB 0x0000000088000000| Untracked |  0
| 111|0x0000000088100000, 0x0000000088100000, 0x0000000088200000|  0%| F|  |TAMS 0x0000000088100000| PB 0x0000000088100000| Untracked |  0
| 112|0x0000000088200000, 0x0000000088200000, 0x0000000088300000|  0%| F|  |TAMS 0x0000000088200000| PB 0x0000000088200000| Untracked |  0
| 113|0x0000000088300000, 0x0000000088300000, 0x0000000088400000|  0%| F|  |TAMS 0x0000000088300000| PB 0x0000000088300000| Untracked |  0
| 114|0x0000000088400000, 0x0000000088400000, 0x0000000088500000|  0%| F|  |TAMS 0x0000000088400000| PB 0x0000000088400000| Untracked |  0
| 115|0x0000000088500000, 0x0000000088500000, 0x0000000088600000|  0%| F|  |TAMS 0x0000000088500000| PB 0x0000000088500000| Untracked |  0
| 116|0x0000000088600000, 0x0000000088600000, 0x0000000088700000|  0%| F|  |TAMS 0x0000000088600000| PB 0x0000000088600000| Untracked |  0
| 117|0x0000000088700000, 0x0000000088700000, 0x0000000088800000|  0%| F|  |TAMS 0x0000000088700000| PB 0x0000000088700000| Untracked |  0
| 118|0x0000000088800000, 0x0000000088800000, 0x0000000088900000|  0%| F|  |TAMS 0x0000000088800000| PB 0x0000000088800000| Untracked |  0
| 119|0x0000000088900000, 0x0000000088900000, 0x0000000088a00000|  0%| F|  |TAMS 0x0000000088900000| PB 0x0000000088900000| Untracked |  0
| 120|0x0000000088a00000, 0x0000000088a00000, 0x0000000088b00000|  0%| F|  |TAMS 0x0000000088a00000| PB 0x0000000088a00000| Untracked |  0
| 121|0x0000000088b00000, 0x0000000088b00000, 0x0000000088c00000|  0%| F|  |TAMS 0x0000000088b00000| PB 0x0000000088b00000| Untracked |  0
| 122|0x0000000088c00000, 0x0000000088c00000, 0x0000000088d00000|  0%| F|  |TAMS 0x0000000088c00000| PB 0x0000000088c00000| Untracked |  0
| 123|0x0000000088d00000, 0x0000000088d00000, 0x0000000088e00000|  0%| F|  |TAMS 0x0000000088d00000| PB 0x0000000088d00000| Untracked |  0
| 124|0x0000000088e00000, 0x0000000088e00000, 0x0000000088f00000|  0%| F|  |TAMS 0x0000000088e00000| PB 0x0000000088e00000| Untracked |  0
| 125|0x0000000088f00000, 0x0000000088f00000, 0x0000000089000000|  0%| F|  |TAMS 0x0000000088f00000| PB 0x0000000088f00000| Untracked |  0
| 126|0x0000000089000000, 0x0000000089000000, 0x0000000089100000|  0%| F|  |TAMS 0x0000000089000000| PB 0x0000000089000000| Untracked |  0
| 127|0x0000000089100000, 0x0000000089100000, 0x0000000089200000|  0%| F|  |TAMS 0x0000000089100000| PB 0x0000000089100000| Untracked |  0
| 128|0x0000000089200000, 0x0000000089200000, 0x0000000089300000|  0%| F|  |TAMS 0x0000000089200000| PB 0x0000000089200000| Untracked |  0
| 129|0x0000000089300000, 0x0000000089300000, 0x0000000089400000|  0%| F|  |TAMS 0x0000000089300000| PB 0x0000000089300000| Untracked |  0
| 130|0x0000000089400000, 0x0000000089400000, 0x0000000089500000|  0%| F|  |TAMS 0x0000000089400000| PB 0x0000000089400000| Untracked |  0
| 131|0x0000000089500000, 0x0000000089500000, 0x0000000089600000|  0%| F|  |TAMS 0x0000000089500000| PB 0x0000000089500000| Untracked |  0
| 132|0x0000000089600000, 0x0000000089600000, 0x0000000089700000|  0%| F|  |TAMS 0x0000000089600000| PB 0x0000000089600000| Untracked |  0
| 133|0x0000000089700000, 0x0000000089700000, 0x0000000089800000|  0%| F|  |TAMS 0x0000000089700000| PB 0x0000000089700000| Untracked |  0
| 134|0x0000000089800000, 0x0000000089800000, 0x0000000089900000|  0%| F|  |TAMS 0x0000000089800000| PB 0x0000000089800000| Untracked |  0
| 135|0x0000000089900000, 0x0000000089900000, 0x0000000089a00000|  0%| F|  |TAMS 0x0000000089900000| PB 0x0000000089900000| Untracked |  0
| 136|0x0000000089a00000, 0x0000000089a00000, 0x0000000089b00000|  0%| F|  |TAMS 0x0000000089a00000| PB 0x0000000089a00000| Untracked |  0
| 137|0x0000000089b00000, 0x0000000089b00000, 0x0000000089c00000|  0%| F|  |TAMS 0x0000000089b00000| PB 0x0000000089b00000| Untracked |  0
| 138|0x0000000089c00000, 0x0000000089c00000, 0x0000000089d00000|  0%| F|  |TAMS 0x0000000089c00000| PB 0x0000000089c00000| Untracked |  0
| 139|0x0000000089d00000, 0x0000000089d00000, 0x0000000089e00000|  0%| F|  |TAMS 0x0000000089d00000| PB 0x0000000089d00000| Untracked |  0
| 140|0x0000000089e00000, 0x0000000089e00000, 0x0000000089f00000|  0%| F|  |TAMS 0x0000000089e00000| PB 0x0000000089e00000| Untracked |  0
| 141|0x0000000089f00000, 0x0000000089f10a10, 0x000000008a000000|  6%| S|CS|TAMS 0x0000000089f00000| PB 0x0000000089f00000| Complete |  0
| 142|0x000000008a000000, 0x000000008a000000, 0x000000008a100000|  0%| F|  |TAMS 0x000000008a000000| PB 0x000000008a000000| Untracked |  0
| 143|0x000000008a100000, 0x000000008a100000, 0x000000008a200000|  0%| F|  |TAMS 0x000000008a100000| PB 0x000000008a100000| Untracked |  0
| 144|0x000000008a200000, 0x000000008a200000, 0x000000008a300000|  0%| F|  |TAMS 0x000000008a200000| PB 0x000000008a200000| Untracked |  0
| 145|0x000000008a300000, 0x000000008a300000, 0x000000008a400000|  0%| F|  |TAMS 0x000000008a300000| PB 0x000000008a300000| Untracked |  0
| 146|0x000000008a400000, 0x000000008a400000, 0x000000008a500000|  0%| F|  |TAMS 0x000000008a400000| PB 0x000000008a400000| Untracked |  0
| 147|0x000000008a500000, 0x000000008a500000, 0x000000008a600000|  0%| F|  |TAMS 0x000000008a500000| PB 0x000000008a500000| Untracked |  0
| 148|0x000000008a600000, 0x000000008a600000, 0x000000008a700000|  0%| F|  |TAMS 0x000000008a600000| PB 0x000000008a600000| Untracked |  0
| 149|0x000000008a700000, 0x000000008a700000, 0x000000008a800000|  0%| F|  |TAMS 0x000000008a700000| PB 0x000000008a700000| Untracked |  0
| 150|0x000000008a800000, 0x000000008a800000, 0x000000008a900000|  0%| F|  |TAMS 0x000000008a800000| PB 0x000000008a800000| Untracked |  0
| 151|0x000000008a900000, 0x000000008a900000, 0x000000008aa00000|  0%| F|  |TAMS 0x000000008a900000| PB 0x000000008a900000| Untracked |  0
| 152|0x000000008aa00000, 0x000000008aa00000, 0x000000008ab00000|  0%| F|  |TAMS 0x000000008aa00000| PB 0x000000008aa00000| Untracked |  0
| 153|0x000000008ab00000, 0x000000008ab00000, 0x000000008ac00000|  0%| F|  |TAMS 0x000000008ab00000| PB 0x000000008ab00000| Untracked |  0
| 154|0x000000008ac00000, 0x000000008ac00000, 0x000000008ad00000|  0%| F|  |TAMS 0x000000008ac00000| PB 0x000000008ac00000| Untracked |  0
| 155|0x000000008ad00000, 0x000000008ad00000, 0x000000008ae00000|  0%| F|  |TAMS 0x000000008ad00000| PB 0x000000008ad00000| Untracked |  0
| 156|0x000000008ae00000, 0x000000008ae00000, 0x000000008af00000|  0%| F|  |TAMS 0x000000008ae00000| PB 0x000000008ae00000| Untracked |  0
| 157|0x000000008af00000, 0x000000008af00000, 0x000000008b000000|  0%| F|  |TAMS 0x000000008af00000| PB 0x000000008af00000| Untracked |  0
| 158|0x000000008b000000, 0x000000008b000000, 0x000000008b100000|  0%| F|  |TAMS 0x000000008b000000| PB 0x000000008b000000| Untracked |  0
| 159|0x000000008b100000, 0x000000008b100000, 0x000000008b200000|  0%| F|  |TAMS 0x000000008b100000| PB 0x000000008b100000| Untracked |  0
| 160|0x000000008b200000, 0x000000008b200000, 0x000000008b300000|  0%| F|  |TAMS 0x000000008b200000| PB 0x000000008b200000| Untracked |  0
| 161|0x000000008b300000, 0x000000008b300000, 0x000000008b400000|  0%| F|  |TAMS 0x000000008b300000| PB 0x000000008b300000| Untracked |  0
| 162|0x000000008b400000, 0x000000008b400000, 0x000000008b500000|  0%| F|  |TAMS 0x000000008b400000| PB 0x000000008b400000| Untracked |  0
| 163|0x000000008b500000, 0x000000008b500000, 0x000000008b600000|  0%| F|  |TAMS 0x000000008b500000| PB 0x000000008b500000| Untracked |  0
| 164|0x000000008b600000, 0x000000008b600000, 0x000000008b700000|  0%| F|  |TAMS 0x000000008b600000| PB 0x000000008b600000| Untracked |  0
| 165|0x000000008b700000, 0x000000008b700000, 0x000000008b800000|  0%| F|  |TAMS 0x000000008b700000| PB 0x000000008b700000| Untracked |  0
| 166|0x000000008b800000, 0x000000008b800000, 0x000000008b900000|  0%| F|  |TAMS 0x000000008b800000| PB 0x000000008b800000| Untracked |  0
| 167|0x000000008b900000, 0x000000008b900000, 0x000000008ba00000|  0%| F|  |TAMS 0x000000008b900000| PB 0x000000008b900000| Untracked |  0
| 168|0x000000008ba00000, 0x000000008ba00000, 0x000000008bb00000|  0%| F|  |TAMS 0x000000008ba00000| PB 0x000000008ba00000| Untracked |  0
| 169|0x000000008bb00000, 0x000000008bb00000, 0x000000008bc00000|  0%| F|  |TAMS 0x000000008bb00000| PB 0x000000008bb00000| Untracked |  0
| 170|0x000000008bc00000, 0x000000008bc00000, 0x000000008bd00000|  0%| F|  |TAMS 0x000000008bc00000| PB 0x000000008bc00000| Untracked |  0
| 171|0x000000008bd00000, 0x000000008bd00000, 0x000000008be00000|  0%| F|  |TAMS 0x000000008bd00000| PB 0x000000008bd00000| Untracked |  0
| 172|0x000000008be00000, 0x000000008be00000, 0x000000008bf00000|  0%| F|  |TAMS 0x000000008be00000| PB 0x000000008be00000| Untracked |  0
| 173|0x000000008bf00000, 0x000000008bf00000, 0x000000008c000000|  0%| F|  |TAMS 0x000000008bf00000| PB 0x000000008bf00000| Untracked |  0
| 174|0x000000008c000000, 0x000000008c000000, 0x000000008c100000|  0%| F|  |TAMS 0x000000008c000000| PB 0x000000008c000000| Untracked |  0
| 175|0x000000008c100000, 0x000000008c100000, 0x000000008c200000|  0%| F|  |TAMS 0x000000008c100000| PB 0x000000008c100000| Untracked |  0
| 176|0x000000008c200000, 0x000000008c200000, 0x000000008c300000|  0%| F|  |TAMS 0x000000008c200000| PB 0x000000008c200000| Untracked |  0
| 177|0x000000008c300000, 0x000000008c300000, 0x000000008c400000|  0%| F|  |TAMS 0x000000008c300000| PB 0x000000008c300000| Untracked |  0
| 178|0x000000008c400000, 0x000000008c400000, 0x000000008c500000|  0%| F|  |TAMS 0x000000008c400000| PB 0x000000008c400000| Untracked |  0
| 179|0x000000008c500000, 0x000000008c500000, 0x000000008c600000|  0%| F|  |TAMS 0x000000008c500000| PB 0x000000008c500000| Untracked |  0
| 180|0x000000008c600000, 0x000000008c600000, 0x000000008c700000|  0%| F|  |TAMS 0x000000008c600000| PB 0x000000008c600000| Untracked |  0
| 181|0x000000008c700000, 0x000000008c700000, 0x000000008c800000|  0%| F|  |TAMS 0x000000008c700000| PB 0x000000008c700000| Untracked |  0
| 182|0x000000008c800000, 0x000000008c800000, 0x000000008c900000|  0%| F|  |TAMS 0x000000008c800000| PB 0x000000008c800000| Untracked |  0
| 183|0x000000008c900000, 0x000000008c900000, 0x000000008ca00000|  0%| F|  |TAMS 0x000000008c900000| PB 0x000000008c900000| Untracked |  0
| 184|0x000000008ca00000, 0x000000008ca00000, 0x000000008cb00000|  0%| F|  |TAMS 0x000000008ca00000| PB 0x000000008ca00000| Untracked |  0
| 185|0x000000008cb00000, 0x000000008cb00000, 0x000000008cc00000|  0%| F|  |TAMS 0x000000008cb00000| PB 0x000000008cb00000| Untracked |  0
| 186|0x000000008cc00000, 0x000000008cc00000, 0x000000008cd00000|  0%| F|  |TAMS 0x000000008cc00000| PB 0x000000008cc00000| Untracked |  0
| 187|0x000000008cd00000, 0x000000008cd00000, 0x000000008ce00000|  0%| F|  |TAMS 0x000000008cd00000| PB 0x000000008cd00000| Untracked |  0
| 188|0x000000008ce00000, 0x000000008ce00000, 0x000000008cf00000|  0%| F|  |TAMS 0x000000008ce00000| PB 0x000000008ce00000| Untracked |  0
| 189|0x000000008cf00000, 0x000000008cf00000, 0x000000008d000000|  0%| F|  |TAMS 0x000000008cf00000| PB 0x000000008cf00000| Untracked |  0
| 190|0x000000008d000000, 0x000000008d000000, 0x000000008d100000|  0%| F|  |TAMS 0x000000008d000000| PB 0x000000008d000000| Untracked |  0
| 191|0x000000008d100000, 0x000000008d100000, 0x000000008d200000|  0%| F|  |TAMS 0x000000008d100000| PB 0x000000008d100000| Untracked |  0
| 192|0x000000008d200000, 0x000000008d200000, 0x000000008d300000|  0%| F|  |TAMS 0x000000008d200000| PB 0x000000008d200000| Untracked |  0
| 193|0x000000008d300000, 0x000000008d300000, 0x000000008d400000|  0%| F|  |TAMS 0x000000008d300000| PB 0x000000008d300000| Untracked |  0
| 194|0x000000008d400000, 0x000000008d400000, 0x000000008d500000|  0%| F|  |TAMS 0x000000008d400000| PB 0x000000008d400000| Untracked |  0
| 195|0x000000008d500000, 0x000000008d500000, 0x000000008d600000|  0%| F|  |TAMS 0x000000008d500000| PB 0x000000008d500000| Untracked |  0
| 196|0x000000008d600000, 0x000000008d600000, 0x000000008d700000|  0%| F|  |TAMS 0x000000008d600000| PB 0x000000008d600000| Untracked |  0
| 197|0x000000008d700000, 0x000000008d700000, 0x000000008d800000|  0%| F|  |TAMS 0x000000008d700000| PB 0x000000008d700000| Untracked |  0
| 198|0x000000008d800000, 0x000000008d800000, 0x000000008d900000|  0%| F|  |TAMS 0x000000008d800000| PB 0x000000008d800000| Untracked |  0
| 199|0x000000008d900000, 0x000000008d900000, 0x000000008da00000|  0%| F|  |TAMS 0x000000008d900000| PB 0x000000008d900000| Untracked |  0
| 200|0x000000008da00000, 0x000000008da00000, 0x000000008db00000|  0%| F|  |TAMS 0x000000008da00000| PB 0x000000008da00000| Untracked |  0
| 201|0x000000008db00000, 0x000000008db00000, 0x000000008dc00000|  0%| F|  |TAMS 0x000000008db00000| PB 0x000000008db00000| Untracked |  0
| 202|0x000000008dc00000, 0x000000008dc00000, 0x000000008dd00000|  0%| F|  |TAMS 0x000000008dc00000| PB 0x000000008dc00000| Untracked |  0
| 203|0x000000008dd00000, 0x000000008dd00000, 0x000000008de00000|  0%| F|  |TAMS 0x000000008dd00000| PB 0x000000008dd00000| Untracked |  0
| 204|0x000000008de00000, 0x000000008de00000, 0x000000008df00000|  0%| F|  |TAMS 0x000000008de00000| PB 0x000000008de00000| Untracked |  0
| 205|0x000000008df00000, 0x000000008df00000, 0x000000008e000000|  0%| F|  |TAMS 0x000000008df00000| PB 0x000000008df00000| Untracked |  0
| 206|0x000000008e000000, 0x000000008e000000, 0x000000008e100000|  0%| F|  |TAMS 0x000000008e000000| PB 0x000000008e000000| Untracked |  0
| 207|0x000000008e100000, 0x000000008e100000, 0x000000008e200000|  0%| F|  |TAMS 0x000000008e100000| PB 0x000000008e100000| Untracked |  0
| 208|0x000000008e200000, 0x000000008e200000, 0x000000008e300000|  0%| F|  |TAMS 0x000000008e200000| PB 0x000000008e200000| Untracked |  0
| 209|0x000000008e300000, 0x000000008e300000, 0x000000008e400000|  0%| F|  |TAMS 0x000000008e300000| PB 0x000000008e300000| Untracked |  0
| 210|0x000000008e400000, 0x000000008e400000, 0x000000008e500000|  0%| F|  |TAMS 0x000000008e400000| PB 0x000000008e400000| Untracked |  0
| 211|0x000000008e500000, 0x000000008e500000, 0x000000008e600000|  0%| F|  |TAMS 0x000000008e500000| PB 0x000000008e500000| Untracked |  0
| 212|0x000000008e600000, 0x000000008e600000, 0x000000008e700000|  0%| F|  |TAMS 0x000000008e600000| PB 0x000000008e600000| Untracked |  0
| 213|0x000000008e700000, 0x000000008e700000, 0x000000008e800000|  0%| F|  |TAMS 0x000000008e700000| PB 0x000000008e700000| Untracked |  0
| 214|0x000000008e800000, 0x000000008e800000, 0x000000008e900000|  0%| F|  |TAMS 0x000000008e800000| PB 0x000000008e800000| Untracked |  0
| 215|0x000000008e900000, 0x000000008e900000, 0x000000008ea00000|  0%| F|  |TAMS 0x000000008e900000| PB 0x000000008e900000| Untracked |  0
| 216|0x000000008ea00000, 0x000000008ea00000, 0x000000008eb00000|  0%| F|  |TAMS 0x000000008ea00000| PB 0x000000008ea00000| Untracked |  0
| 217|0x000000008eb00000, 0x000000008eb00000, 0x000000008ec00000|  0%| F|  |TAMS 0x000000008eb00000| PB 0x000000008eb00000| Untracked |  0
| 218|0x000000008ec00000, 0x000000008ec00000, 0x000000008ed00000|  0%| F|  |TAMS 0x000000008ec00000| PB 0x000000008ec00000| Untracked |  0
| 219|0x000000008ed00000, 0x000000008ed00000, 0x000000008ee00000|  0%| F|  |TAMS 0x000000008ed00000| PB 0x000000008ed00000| Untracked |  0
| 220|0x000000008ee00000, 0x000000008ee00000, 0x000000008ef00000|  0%| F|  |TAMS 0x000000008ee00000| PB 0x000000008ee00000| Untracked |  0
| 221|0x000000008ef00000, 0x000000008ef00000, 0x000000008f000000|  0%| F|  |TAMS 0x000000008ef00000| PB 0x000000008ef00000| Untracked |  0
| 222|0x000000008f000000, 0x000000008f000000, 0x000000008f100000|  0%| F|  |TAMS 0x000000008f000000| PB 0x000000008f000000| Untracked |  0
| 223|0x000000008f100000, 0x000000008f100000, 0x000000008f200000|  0%| F|  |TAMS 0x000000008f100000| PB 0x000000008f100000| Untracked |  0
| 224|0x000000008f200000, 0x000000008f200000, 0x000000008f300000|  0%| F|  |TAMS 0x000000008f200000| PB 0x000000008f200000| Untracked |  0
| 225|0x000000008f300000, 0x000000008f300000, 0x000000008f400000|  0%| F|  |TAMS 0x000000008f300000| PB 0x000000008f300000| Untracked |  0
| 226|0x000000008f400000, 0x000000008f400000, 0x000000008f500000|  0%| F|  |TAMS 0x000000008f400000| PB 0x000000008f400000| Untracked |  0
| 227|0x000000008f500000, 0x000000008f500000, 0x000000008f600000|  0%| F|  |TAMS 0x000000008f500000| PB 0x000000008f500000| Untracked |  0
| 228|0x000000008f600000, 0x000000008f600000, 0x000000008f700000|  0%| F|  |TAMS 0x000000008f600000| PB 0x000000008f600000| Untracked |  0
| 229|0x000000008f700000, 0x000000008f700000, 0x000000008f800000|  0%| F|  |TAMS 0x000000008f700000| PB 0x000000008f700000| Untracked |  0
| 230|0x000000008f800000, 0x000000008f800000, 0x000000008f900000|  0%| F|  |TAMS 0x000000008f800000| PB 0x000000008f800000| Untracked |  0
| 231|0x000000008f900000, 0x000000008f900000, 0x000000008fa00000|  0%| F|  |TAMS 0x000000008f900000| PB 0x000000008f900000| Untracked |  0
| 232|0x000000008fa00000, 0x000000008fa00000, 0x000000008fb00000|  0%| F|  |TAMS 0x000000008fa00000| PB 0x000000008fa00000| Untracked |  0
| 233|0x000000008fb00000, 0x000000008fb00000, 0x000000008fc00000|  0%| F|  |TAMS 0x000000008fb00000| PB 0x000000008fb00000| Untracked |  0
| 234|0x000000008fc00000, 0x000000008fc00000, 0x000000008fd00000|  0%| F|  |TAMS 0x000000008fc00000| PB 0x000000008fc00000| Untracked |  0
| 235|0x000000008fd00000, 0x000000008fd00000, 0x000000008fe00000|  0%| F|  |TAMS 0x000000008fd00000| PB 0x000000008fd00000| Untracked |  0
| 236|0x000000008fe00000, 0x000000008fe00000, 0x000000008ff00000|  0%| F|  |TAMS 0x000000008fe00000| PB 0x000000008fe00000| Untracked |  0

Card table byte_map: [0x0000019675bc0000,0x0000019675fc0000] _byte_map_base: 0x00000196757b7000

Marking Bits: (CMBitMap*) 0x000001966cf617a0
 Bits: [0x0000019675fc0000, 0x0000019677f78000)

Polling page: 0x000001966ae70000

Metaspace:

Usage:
  Non-class:     32.14 MB used.
      Class:      5.50 MB used.
       Both:     37.64 MB used.

Virtual space:
  Non-class space:       64.00 MB reserved,      32.44 MB ( 51%) committed,  1 nodes.
      Class space:        1.00 GB reserved,       5.69 MB ( <1%) committed,  1 nodes.
             Both:        1.06 GB reserved,      38.12 MB (  4%) committed. 

Chunk freelists:
   Non-Class:  15.53 MB
       Class:  10.19 MB
        Both:  25.72 MB

MaxMetaspaceSize: unlimited
CompressedClassSpaceSize: 1.00 GB
Initial GC threshold: 21.00 MB
Current GC threshold: 58.88 MB
CDS: on
 - commit_granule_bytes: 65536.
 - commit_granule_words: 8192.
 - virtual_space_node_default_size: 8388608.
 - enlarge_chunks_in_place: 1.
 - use_allocation_guard: 0.


Internal statistics:

num_allocs_failed_limit: 6.
num_arena_births: 544.
num_arena_deaths: 0.
num_vsnodes_births: 2.
num_vsnodes_deaths: 0.
num_space_committed: 610.
num_space_uncommitted: 0.
num_chunks_returned_to_freelist: 6.
num_chunks_taken_from_freelist: 1863.
num_chunk_merges: 6.
num_chunk_splits: 1403.
num_chunks_enlarged: 1176.
num_inconsistent_stats: 0.

CodeHeap 'non-profiled nmethods': size=120000Kb used=1598Kb max_used=1598Kb free=118401Kb
 bounds [0x0000019607ad0000, 0x0000019607d40000, 0x000001960f000000]
CodeHeap 'profiled nmethods': size=120000Kb used=5357Kb max_used=5357Kb free=114642Kb
 bounds [0x0000019600000000, 0x0000019600540000, 0x0000019607530000]
CodeHeap 'non-nmethods': size=5760Kb used=1627Kb max_used=1669Kb free=4132Kb
 bounds [0x0000019607530000, 0x00000196077a0000, 0x0000019607ad0000]
 total_blobs=3919 nmethods=3246 adapters=577
 compilation: enabled
              stopped_count=0, restarted_count=0
 full_count=0

Compilation events (20 events):
Event: 1826.487 Thread 0x000001967ac3bb40 3511       1       java.lang.ThreadLocal::initialValue (2 bytes)
Event: 1826.488 Thread 0x000001967ac3bb40 nmethod 3511 0x0000019607c5e010 code [0x0000019607c5e1a0, 0x0000019607c5e270]
Event: 1826.488 Thread 0x000001967ac3bb40 3512       1       scala.concurrent.duration.FiniteDuration::unit (5 bytes)
Event: 1826.488 Thread 0x000001967ac3bb40 nmethod 3512 0x0000019607c5e310 code [0x0000019607c5e4a0, 0x0000019607c5e568]
Event: 1826.489 Thread 0x000001967ac3bb40 3513       3       java.util.concurrent.atomic.AtomicReference::compareAndSet (10 bytes)
Event: 1826.490 Thread 0x000001967ac3bb40 nmethod 3513 0x0000019600539090 code [0x0000019600539300, 0x0000019600539e40]
Event: 1826.508 Thread 0x000001967ac3bb40 3515       3       java.lang.invoke.LambdaForm::<init> (53 bytes)
Event: 1826.508 Thread 0x000001967ac3bb40 nmethod 3515 0x000001960053a210 code [0x000001960053a3c0, 0x000001960053a690]
Event: 1826.511 Thread 0x000001967ac3bb40 3516       3       scala.collection.immutable.Map$::empty (4 bytes)
Event: 1826.511 Thread 0x000001967ac3bb40 nmethod 3516 0x000001960053a790 code [0x000001960053a920, 0x000001960053aa38]
Event: 1826.512 Thread 0x000001967ac3a2a0 3517       4       sun.invoke.util.VerifyType::isNullConversion (157 bytes)
Event: 1826.517 Thread 0x000001967ac3a2a0 nmethod 3517 0x0000019607c5e910 code [0x0000019607c5eb40, 0x0000019607c5ef98]
Event: 76290.676 Thread 0x000001967ac3a2a0 3519       4       jdk.internal.misc.Unsafe::weakCompareAndSetInt (11 bytes)
Event: 76290.676 Thread 0x000001967ac3bb40 3520       3       scala.collection.mutable.HashMap::elemHashCode (6 bytes)
Event: 76290.717 Thread 0x000001967ac3a2a0 nmethod 3519 0x0000019607c5f810 code [0x0000019607c5f980, 0x0000019607c5fa18]
Event: 76290.717 Thread 0x000001967ac3bb40 nmethod 3520 0x000001960053ab10 code [0x000001960053ace0, 0x000001960053b218]
Event: 76290.717 Thread 0x000001967ac3bb40 3521       3       scala.collection.mutable.HashTable$HashUtils::elemHashCode$ (6 bytes)
Event: 76290.717 Thread 0x000001967ac3bb40 nmethod 3521 0x000001960053b390 code [0x000001960053b560, 0x000001960053ba80]
Event: 76290.717 Thread 0x000001967ac3bb40 3522       3       scala.collection.mutable.HashTable$HashUtils::improve (12 bytes)
Event: 76291.293 Thread 0x000001967ac3bb40 nmethod 3522 0x000001960053bc10 code [0x000001960053bdc0, 0x000001960053c040]

GC Heap History (20 events):
Event: 76290.676 GC heap after
{Heap after GC invocations=12 (full 0):
 garbage-first heap   total reserved 2078720K, committed 30720K, used 11931K [0x0000000081200000, 0x0000000100000000)
  region size 1024K, 1 young (1024K), 1 survivors (1024K)
 Metaspace       used 38544K, committed 39040K, reserved 1114112K
  class space    used 5636K, committed 5824K, reserved 1048576K
}
Event: 76290.696 GC heap before
{Heap before GC invocations=12 (full 0):
 garbage-first heap   total reserved 2078720K, committed 30720K, used 12955K [0x0000000081200000, 0x0000000100000000)
  region size 1024K, 2 young (2048K), 1 survivors (1024K)
 Metaspace       used 38545K, committed 39040K, reserved 1114112K
  class space    used 5636K, committed 5824K, reserved 1048576K
}
Event: 76290.717 GC heap after
{Heap after GC invocations=13 (full 0):
 garbage-first heap   total reserved 2078720K, committed 30720K, used 11802K [0x0000000081200000, 0x0000000100000000)
  region size 1024K, 1 young (1024K), 1 survivors (1024K)
 Metaspace       used 38545K, committed 39040K, reserved 1114112K
  class space    used 5636K, committed 5824K, reserved 1048576K
}
Event: 76290.743 GC heap before
{Heap before GC invocations=13 (full 0):
 garbage-first heap   total reserved 2078720K, committed 30720K, used 12826K [0x0000000081200000, 0x0000000100000000)
  region size 1024K, 2 young (2048K), 1 survivors (1024K)
 Metaspace       used 38546K, committed 39040K, reserved 1114112K
  class space    used 5636K, committed 5824K, reserved 1048576K
}
Event: 76291.283 GC heap after
{Heap after GC invocations=14 (full 0):
 garbage-first heap   total reserved 2078720K, committed 80896K, used 11764K [0x0000000081200000, 0x0000000100000000)
  region size 1024K, 1 young (1024K), 1 survivors (1024K)
 Metaspace       used 38546K, committed 39040K, reserved 1114112K
  class space    used 5636K, committed 5824K, reserved 1048576K
}
Event: 76291.298 GC heap before
{Heap before GC invocations=14 (full 0):
 garbage-first heap   total reserved 2078720K, committed 80896K, used 13812K [0x0000000081200000, 0x0000000100000000)
  region size 1024K, 3 young (3072K), 1 survivors (1024K)
 Metaspace       used 38546K, committed 39040K, reserved 1114112K
  class space    used 5636K, committed 5824K, reserved 1048576K
}
Event: 76291.299 GC heap after
{Heap after GC invocations=15 (full 0):
 garbage-first heap   total reserved 2078720K, committed 80896K, used 11758K [0x0000000081200000, 0x0000000100000000)
  region size 1024K, 1 young (1024K), 1 survivors (1024K)
 Metaspace       used 38546K, committed 39040K, reserved 1114112K
  class space    used 5636K, committed 5824K, reserved 1048576K
}
Event: 76291.302 GC heap before
{Heap before GC invocations=15 (full 0):
 garbage-first heap   total reserved 2078720K, committed 80896K, used 13806K [0x0000000081200000, 0x0000000100000000)
  region size 1024K, 3 young (3072K), 1 survivors (1024K)
 Metaspace       used 38546K, committed 39040K, reserved 1114112K
  class space    used 5636K, committed 5824K, reserved 1048576K
}
Event: 76291.311 GC heap after
{Heap after GC invocations=16 (full 0):
 garbage-first heap   total reserved 2078720K, committed 80896K, used 11758K [0x0000000081200000, 0x0000000100000000)
  region size 1024K, 1 young (1024K), 1 survivors (1024K)
 Metaspace       used 38546K, committed 39040K, reserved 1114112K
  class space    used 5636K, committed 5824K, reserved 1048576K
}
Event: 76291.314 GC heap before
{Heap before GC invocations=16 (full 0):
 garbage-first heap   total reserved 2078720K, committed 80896K, used 13806K [0x0000000081200000, 0x0000000100000000)
  region size 1024K, 3 young (3072K), 1 survivors (1024K)
 Metaspace       used 38546K, committed 39040K, reserved 1114112K
  class space    used 5636K, committed 5824K, reserved 1048576K
}
Event: 76291.315 GC heap after
{Heap after GC invocations=17 (full 0):
 garbage-first heap   total reserved 2078720K, committed 80896K, used 11762K [0x0000000081200000, 0x0000000100000000)
  region size 1024K, 1 young (1024K), 1 survivors (1024K)
 Metaspace       used 38546K, committed 39040K, reserved 1114112K
  class space    used 5636K, committed 5824K, reserved 1048576K
}
Event: 76291.317 GC heap before
{Heap before GC invocations=17 (full 0):
 garbage-first heap   total reserved 2078720K, committed 80896K, used 13810K [0x0000000081200000, 0x0000000100000000)
  region size 1024K, 3 young (3072K), 1 survivors (1024K)
 Metaspace       used 38546K, committed 39040K, reserved 1114112K
  class space    used 5636K, committed 5824K, reserved 1048576K
}
Event: 76291.702 GC heap after
{Heap after GC invocations=18 (full 0):
 garbage-first heap   total reserved 2078720K, committed 242688K, used 11756K [0x0000000081200000, 0x0000000100000000)
  region size 1024K, 1 young (1024K), 1 survivors (1024K)
 Metaspace       used 38546K, committed 39040K, reserved 1114112K
  class space    used 5636K, committed 5824K, reserved 1048576K
}
Event: 76291.717 GC heap before
{Heap before GC invocations=18 (full 0):
 garbage-first heap   total reserved 2078720K, committed 242688K, used 21996K [0x0000000081200000, 0x0000000100000000)
  region size 1024K, 11 young (11264K), 1 survivors (1024K)
 Metaspace       used 38546K, committed 39040K, reserved 1114112K
  class space    used 5636K, committed 5824K, reserved 1048576K
}
Event: 76291.718 GC heap after
{Heap after GC invocations=19 (full 0):
 garbage-first heap   total reserved 2078720K, committed 242688K, used 11760K [0x0000000081200000, 0x0000000100000000)
  region size 1024K, 1 young (1024K), 1 survivors (1024K)
 Metaspace       used 38546K, committed 39040K, reserved 1114112K
  class space    used 5636K, committed 5824K, reserved 1048576K
}
Event: 76291.729 GC heap before
{Heap before GC invocations=19 (full 0):
 garbage-first heap   total reserved 2078720K, committed 242688K, used 22000K [0x0000000081200000, 0x0000000100000000)
  region size 1024K, 11 young (11264K), 1 survivors (1024K)
 Metaspace       used 38546K, committed 39040K, reserved 1114112K
  class space    used 5636K, committed 5824K, reserved 1048576K
}
Event: 76291.730 GC heap after
{Heap after GC invocations=20 (full 0):
 garbage-first heap   total reserved 2078720K, committed 242688K, used 11760K [0x0000000081200000, 0x0000000100000000)
  region size 1024K, 1 young (1024K), 1 survivors (1024K)
 Metaspace       used 38546K, committed 39040K, reserved 1114112K
  class space    used 5636K, committed 5824K, reserved 1048576K
}
Event: 76291.753 GC heap before
{Heap before GC invocations=20 (full 0):
 garbage-first heap   total reserved 2078720K, committed 242688K, used 29168K [0x0000000081200000, 0x0000000100000000)
  region size 1024K, 18 young (18432K), 1 survivors (1024K)
 Metaspace       used 38546K, committed 39040K, reserved 1114112K
  class space    used 5636K, committed 5824K, reserved 1048576K
}
Event: 76291.753 GC heap after
{Heap after GC invocations=21 (full 0):
 garbage-first heap   total reserved 2078720K, committed 242688K, used 11756K [0x0000000081200000, 0x0000000100000000)
  region size 1024K, 1 young (1024K), 1 survivors (1024K)
 Metaspace       used 38546K, committed 39040K, reserved 1114112K
  class space    used 5636K, committed 5824K, reserved 1048576K
}
Event: 76291.903 GC heap before
{Heap before GC invocations=21 (full 0):
 garbage-first heap   total reserved 2078720K, committed 242688K, used 108012K [0x0000000081200000, 0x0000000100000000)
  region size 1024K, 95 young (97280K), 1 survivors (1024K)
 Metaspace       used 38546K, committed 39040K, reserved 1114112K
  class space    used 5636K, committed 5824K, reserved 1048576K
}

Dll operation events (11 events):
Event: 0.007 Loaded shared library C:\Program Files\Java\jdk-22\bin\java.dll
Event: 0.036 Loaded shared library C:\Program Files\Java\jdk-22\bin\jsvml.dll
Event: 0.052 Loaded shared library C:\Program Files\Java\jdk-22\bin\net.dll
Event: 0.054 Loaded shared library C:\Program Files\Java\jdk-22\bin\nio.dll
Event: 0.084 Loaded shared library C:\Program Files\Java\jdk-22\bin\zip.dll
Event: 0.390 Loaded shared library C:\Program Files\Java\jdk-22\bin\verify.dll
Event: 0.394 Loaded shared library C:\Program Files\Java\jdk-22\bin\jimage.dll
Event: 0.602 Loaded shared library C:\Program Files\Java\jdk-22\bin\management.dll
Event: 0.608 Loaded shared library C:\Program Files\Java\jdk-22\bin\management_ext.dll
Event: 0.715 Loaded shared library C:\Program Files\Java\jdk-22\bin\sunmscapi.dll
Event: 0.752 Loaded shared library C:\Program Files\Java\jdk-22\bin\extnet.dll

Deoptimization events (20 events):
Event: 11.083 Thread 0x00000196574b8fe0 Uncommon trap: trap_request=0xffffff45 fr.pc=0x0000019607ba7c40 relative=0x0000000000001040
Event: 11.083 Thread 0x00000196574b8fe0 Uncommon trap: reason=unstable_if action=reinterpret pc=0x0000019607ba7c40 method=java.util.concurrent.ConcurrentHashMap.putVal(Ljava/lang/Object;Ljava/lang/Object;Z)Ljava/lang/Object; @ 202 c2
Event: 11.083 Thread 0x00000196574b8fe0 DEOPT PACKING pc=0x0000019607ba7c40 sp=0x0000005ba6ffced0
Event: 11.083 Thread 0x00000196574b8fe0 DEOPT UNPACKING pc=0x00000196075846a2 sp=0x0000005ba6ffce48 mode 2
Event: 597.714 Thread 0x00000196574baa20 Uncommon trap: trap_request=0xffffff45 fr.pc=0x0000019607b0016c relative=0x000000000000006c
Event: 597.714 Thread 0x00000196574baa20 Uncommon trap: reason=unstable_if action=reinterpret pc=0x0000019607b0016c method=java.lang.ref.ReferenceQueue.headIsNull()Z @ 4 c2
Event: 597.714 Thread 0x00000196574baa20 DEOPT PACKING pc=0x0000019607b0016c sp=0x0000005ba5afcb40
Event: 597.714 Thread 0x00000196574baa20 DEOPT UNPACKING pc=0x00000196075846a2 sp=0x0000005ba5afca68 mode 2
Event: 597.718 Thread 0x00000196574baa20 Uncommon trap: trap_request=0xffffffcc fr.pc=0x0000019607b1d7b0 relative=0x00000000000001f0
Event: 597.718 Thread 0x00000196574baa20 Uncommon trap: reason=intrinsic_or_type_checked_inlining action=make_not_entrant pc=0x0000019607b1d7b0 method=java.util.Arrays.copyOf([Ljava/lang/Object;ILjava/lang/Class;)[Ljava/lang/Object; @ 35 c2
Event: 597.718 Thread 0x00000196574baa20 DEOPT PACKING pc=0x0000019607b1d7b0 sp=0x0000005ba5afd4c0
Event: 597.718 Thread 0x00000196574baa20 DEOPT UNPACKING pc=0x00000196075846a2 sp=0x0000005ba5afd450 mode 2
Event: 597.777 Thread 0x00000196574baa20 Uncommon trap: trap_request=0xffffff45 fr.pc=0x0000019607b507f0 relative=0x0000000000000270
Event: 597.777 Thread 0x00000196574baa20 Uncommon trap: reason=unstable_if action=reinterpret pc=0x0000019607b507f0 method=scala.reflect.NameTransformer$.decode(Ljava/lang/String;)Ljava/lang/String; @ 174 c2
Event: 597.777 Thread 0x00000196574baa20 DEOPT PACKING pc=0x0000019607b507f0 sp=0x0000005ba5afb930
Event: 597.777 Thread 0x00000196574baa20 DEOPT UNPACKING pc=0x00000196075846a2 sp=0x0000005ba5afb890 mode 2
Event: 1811.093 Thread 0x00000196574b6f10 Uncommon trap: trap_request=0xffffff45 fr.pc=0x0000019607c54ff4 relative=0x0000000000000074
Event: 1811.093 Thread 0x00000196574b6f10 Uncommon trap: reason=unstable_if action=reinterpret pc=0x0000019607c54ff4 method=java.util.concurrent.atomic.AtomicBoolean.getAndSet(Z)Z @ 5 c2
Event: 1811.093 Thread 0x00000196574b6f10 DEOPT PACKING pc=0x0000019607c54ff4 sp=0x0000005ba5bfea60
Event: 1811.093 Thread 0x00000196574b6f10 DEOPT UNPACKING pc=0x00000196075846a2 sp=0x0000005ba5bfe9f0 mode 2

Classes loaded (20 events):
Event: 597.831 Loading class java/io/ObjectInputStream
Event: 597.831 Loading class java/io/ObjectInput
Event: 597.832 Loading class java/io/ObjectInput done
Event: 597.832 Loading class java/io/ObjectStreamConstants
Event: 597.832 Loading class java/io/ObjectStreamConstants done
Event: 597.832 Loading class java/io/ObjectInputStream done
Event: 597.832 Loading class java/io/ObjectOutputStream
Event: 597.833 Loading class java/io/ObjectOutput
Event: 597.833 Loading class java/io/ObjectOutput done
Event: 597.833 Loading class java/io/ObjectOutputStream done
Event: 597.833 Loading class sun/reflect/generics/tree/BottomSignature
Event: 597.833 Loading class sun/reflect/generics/tree/BottomSignature done
Event: 597.834 Loading class sun/reflect/generics/tree/Wildcard
Event: 597.834 Loading class sun/reflect/generics/tree/Wildcard done
Event: 597.834 Loading class sun/reflect/generics/reflectiveObjects/WildcardTypeImpl
Event: 597.834 Loading class java/lang/reflect/WildcardType
Event: 597.834 Loading class java/lang/reflect/WildcardType done
Event: 597.834 Loading class sun/reflect/generics/reflectiveObjects/WildcardTypeImpl done
Event: 597.853 Loading class java/lang/invoke/SerializedLambda
Event: 597.853 Loading class java/lang/invoke/SerializedLambda done

Classes unloaded (0 events):
No events

Classes redefined (0 events):
No events

Internal exceptions (20 events):
Event: 2.422 Thread 0x00000196574b7c30 Exception <a 'java/lang/NoSuchMethodError'{0x000000008260b0e0}: 'java.lang.Object java.lang.invoke.DirectMethodHandle$Holder.newInvokeSpecial(java.lang.Object, java.lang.Object, java.lang.Object, java.lang.Object, java.lang.Object, java.lang.Object, java.lang.Object, java.lang.Object, java.lang.Object)'> (0x000000008260b0e0) 
thrown [s\open\src\hotspot\share\interpreter\linkResolver.cpp, line 774]
Event: 2.428 Thread 0x00000196574b7c30 Exception <a 'java/lang/NoSuchMethodError'{0x0000000082650320}: 'void java.lang.invoke.DirectMethodHandle$Holder.invokeStatic(java.lang.Object, java.lang.Object, java.lang.Object, java.lang.Object, java.lang.Object, java.lang.Object, java.lang.Object, java.lang.Object)'> (0x0000000082650320) 
thrown [s\open\src\hotspot\share\interpreter\linkResolver.cpp, line 774]
Event: 2.432 Thread 0x00000196559c0c30 Exception <a 'java/lang/NoSuchMethodError'{0x00000000826b2df0}: 'java.lang.Object java.lang.invoke.DirectMethodHandle$Holder.newInvokeSpecial(java.lang.Object, java.lang.Object, int, java.lang.Object, java.lang.Object, java.lang.Object, java.lang.Object)'> (0x00000000826b2df0) 
thrown [s\open\src\hotspot\share\interpreter\linkResolver.cpp, line 774]
Event: 2.432 Thread 0x00000196559c0c30 Exception <a 'java/lang/NoSuchMethodError'{0x00000000826ca4a0}: 'java.lang.Object java.lang.invoke.DirectMethodHandle$Holder.invokeSpecial(java.lang.Object, java.lang.Object, java.lang.Object, int, java.lang.Object, java.lang.Object, java.lang.Object, java.lang.Object)'> (0x00000000826ca4a0) 
thrown [s\open\src\hotspot\share\interpreter\linkResolver.cpp, line 774]
Event: 2.433 Thread 0x00000196559c0c30 Exception <a 'java/lang/NoSuchMethodError'{0x00000000826ce048}: 'java.lang.Object java.lang.invoke.Invokers$Holder.linkToTargetMethod(java.lang.Object, int, java.lang.Object, java.lang.Object, java.lang.Object, java.lang.Object, java.lang.Object)'> (0x00000000826ce048) 
thrown [s\open\src\hotspot\share\interpreter\linkResolver.cpp, line 774]
Event: 2.446 Thread 0x0000019655912070 Exception <a 'java/lang/NoSuchMethodError'{0x00000000825a0e60}: 'java.lang.Object java.lang.invoke.DirectMethodHandle$Holder.invokeStatic(java.lang.Object, int, java.lang.Object, java.lang.Object, java.lang.Object, java.lang.Object)'> (0x00000000825a0e60) 
thrown [s\open\src\hotspot\share\interpreter\linkResolver.cpp, line 774]
Event: 2.446 Thread 0x0000019655912070 Exception <a 'java/lang/NoSuchMethodError'{0x00000000825aa1c8}: 'java.lang.Object java.lang.invoke.DirectMethodHandle$Holder.newInvokeSpecial(java.lang.Object, int, java.lang.Object, java.lang.Object)'> (0x00000000825aa1c8) 
thrown [s\open\src\hotspot\share\interpreter\linkResolver.cpp, line 774]
Event: 2.446 Thread 0x0000019655912070 Exception <a 'java/lang/NoSuchMethodError'{0x00000000825ae048}: 'java.lang.Object java.lang.invoke.DirectMethodHandle$Holder.invokeSpecial(java.lang.Object, java.lang.Object, int, java.lang.Object, java.lang.Object)'> (0x00000000825ae048) 
thrown [s\open\src\hotspot\share\interpreter\linkResolver.cpp, line 774]
Event: 11.070 Thread 0x00000196574b4e40 Exception <a 'java/lang/NoSuchMethodError'{0x0000000088f62048}: 'java.lang.Object java.lang.invoke.DirectMethodHandle$Holder.newInvokeSpecial(java.lang.Object, long, java.lang.Object)'> (0x0000000088f62048) 
thrown [s\open\src\hotspot\share\interpreter\linkResolver.cpp, line 774]
Event: 11.070 Thread 0x00000196574b4e40 Exception <a 'java/lang/NoSuchMethodError'{0x0000000088f65e20}: 'java.lang.Object java.lang.invoke.DirectMethodHandle$Holder.invokeSpecial(java.lang.Object, java.lang.Object, long, java.lang.Object)'> (0x0000000088f65e20) 
thrown [s\open\src\hotspot\share\interpreter\linkResolver.cpp, line 774]
Event: 11.070 Thread 0x00000196574b4e40 Exception <a 'java/lang/NoSuchMethodError'{0x0000000088f6cba0}: 'java.lang.Object java.lang.invoke.DirectMethodHandle$Holder.invokeStatic(java.lang.Object, java.lang.Object, java.lang.Object, long, java.lang.Object)'> (0x0000000088f6cba0) 
thrown [s\open\src\hotspot\share\interpreter\linkResolver.cpp, line 774]
Event: 597.654 Thread 0x00000196574b82c0 Exception <a 'java/lang/NoSuchMethodError'{0x000000008909c440}: 'void java.lang.invoke.DirectMethodHandle$Holder.invokeStaticInit(java.lang.Object)'> (0x000000008909c440) 
thrown [s\open\src\hotspot\share\interpreter\linkResolver.cpp, line 774]
Event: 597.754 Thread 0x00000196574baa20 Exception <a 'java/lang/NoSuchMethodError'{0x0000000082b32de8}: 'long java.lang.invoke.DirectMethodHandle$Holder.invokeVirtual(java.lang.Object, java.lang.Object)'> (0x0000000082b32de8) 
thrown [s\open\src\hotspot\share\interpreter\linkResolver.cpp, line 774]
Event: 597.754 Thread 0x00000196574baa20 Exception <a 'java/lang/NoSuchMethodError'{0x0000000082b36f08}: 'long java.lang.invoke.DelegatingMethodHandle$Holder.reinvoke_L(java.lang.Object, java.lang.Object)'> (0x0000000082b36f08) 
thrown [s\open\src\hotspot\share\interpreter\linkResolver.cpp, line 774]
Event: 597.757 Thread 0x00000196574baa20 Exception <a 'java/lang/NoSuchMethodError'{0x0000000082b54f78}: 'void java.lang.invoke.DirectMethodHandle$Holder.invokeStatic(java.lang.Object, java.lang.Object, java.lang.Object, java.lang.Object, java.lang.Object, java.lang.Object)'> (0x0000000082b54f78) 
thrown [s\open\src\hotspot\share\interpreter\linkResolver.cpp, line 774]
Event: 597.814 Thread 0x00000196574baa20 Exception <a 'java/lang/NoSuchMethodError'{0x00000000829a2100}: 'void java.lang.invoke.DirectMethodHandle$Holder.invokeVirtual(java.lang.Object, java.lang.Object, long)'> (0x00000000829a2100) 
thrown [s\open\src\hotspot\share\interpreter\linkResolver.cpp, line 774]
Event: 597.814 Thread 0x00000196574baa20 Exception <a 'java/lang/NoSuchMethodError'{0x00000000829a60c0}: 'long java.lang.invoke.DirectMethodHandle$Holder.invokeStatic(java.lang.Object, java.lang.Object, int)'> (0x00000000829a60c0) 
thrown [s\open\src\hotspot\share\interpreter\linkResolver.cpp, line 774]
Event: 597.815 Thread 0x00000196574baa20 Exception <a 'java/lang/NoSuchMethodError'{0x00000000829b0f18}: 'void java.lang.invoke.DelegatingMethodHandle$Holder.reinvoke_L(java.lang.Object, java.lang.Object, long)'> (0x00000000829b0f18) 
thrown [s\open\src\hotspot\share\interpreter\linkResolver.cpp, line 774]
Event: 597.905 Thread 0x00000196574b54d0 Exception <a 'java/lang/NoSuchMethodError'{0x0000000082353f40}: 'java.lang.Object java.lang.invoke.DirectMethodHandle$Holder.newInvokeSpecial(java.lang.Object, java.lang.Object, java.lang.Object, java.lang.Object, java.lang.Object, long, java.lang.Object, java.lang.Object)'> (0x0000000082353f40) 
thrown [s\open\src\hotspot\share\interpreter\linkResolver.cpp, line 774]
Event: 597.910 Thread 0x00000196574b82c0 Exception <a 'java/lang/NoSuchMethodError'{0x00000000823a03e8}: 'java.lang.Object java.lang.invoke.DirectMethodHandle$Holder.newInvokeSpecial(java.lang.Object, java.lang.Object, java.lang.Object, java.lang.Object, int, int, java.lang.Object, java.lang.Object, java.lang.Object, java.lang.Object, java.lang.Object)'> (0x00000000823a03e8) 
thrown [s\open\src\hotspot\share\interpreter\linkResolver.cpp, line 774]

ZGC Phase Switch (0 events):
No events

VM Operations (20 events):
Event: 76290.676 Executing VM operation: G1CollectForAllocation (G1 Evacuation Pause) done
Event: 76290.677 Executing VM operation: G1CollectForAllocation (G1 Evacuation Pause)
Event: 76290.717 Executing VM operation: G1CollectForAllocation (G1 Evacuation Pause) done
Event: 76290.718 Executing VM operation: G1CollectForAllocation (G1 Evacuation Pause)
Event: 76291.292 Executing VM operation: G1CollectForAllocation (G1 Evacuation Pause) done
Event: 76291.298 Executing VM operation: G1CollectForAllocation (G1 Evacuation Pause)
Event: 76291.299 Executing VM operation: G1CollectForAllocation (G1 Evacuation Pause) done
Event: 76291.302 Executing VM operation: G1CollectForAllocation (G1 Evacuation Pause)
Event: 76291.311 Executing VM operation: G1CollectForAllocation (G1 Evacuation Pause) done
Event: 76291.314 Executing VM operation: G1CollectForAllocation (G1 Evacuation Pause)
Event: 76291.315 Executing VM operation: G1CollectForAllocation (G1 Evacuation Pause) done
Event: 76291.317 Executing VM operation: G1CollectForAllocation (G1 Evacuation Pause)
Event: 76291.702 Executing VM operation: G1CollectForAllocation (G1 Evacuation Pause) done
Event: 76291.717 Executing VM operation: G1CollectForAllocation (G1 Evacuation Pause)
Event: 76291.718 Executing VM operation: G1CollectForAllocation (G1 Evacuation Pause) done
Event: 76291.729 Executing VM operation: G1CollectForAllocation (G1 Evacuation Pause)
Event: 76291.730 Executing VM operation: G1CollectForAllocation (G1 Evacuation Pause) done
Event: 76291.753 Executing VM operation: G1CollectForAllocation (G1 Evacuation Pause)
Event: 76291.753 Executing VM operation: G1CollectForAllocation (G1 Evacuation Pause) done
Event: 76291.903 Executing VM operation: G1CollectForAllocation (G1 Evacuation Pause)

Events (20 events):
Event: 597.936 Thread 0x00000196574b75a0 Thread added: 0x00000196574b75a0
Event: 597.936 Thread 0x00000196574b7c30 Thread added: 0x00000196574b7c30
Event: 599.675 Thread 0x00000196574b82c0 Thread exited: 0x00000196574b82c0
Event: 600.874 Thread 0x000001967ac3c210 Thread exited: 0x000001967ac3c210
Event: 605.480 Thread 0x00000196574b6880 Thread exited: 0x00000196574b6880
Event: 612.980 Thread 0x00000196574b7c30 Thread exited: 0x00000196574b7c30
Event: 620.494 Thread 0x00000196574b6f10 Thread exited: 0x00000196574b6f10
Event: 628.002 Thread 0x00000196574b75a0 Thread exited: 0x00000196574b75a0
Event: 635.513 Thread 0x00000196574b54d0 Thread exited: 0x00000196574b54d0
Event: 643.025 Thread 0x00000196574b9670 Thread exited: 0x00000196574b9670
Event: 1811.076 Thread 0x00000196574b6f10 Thread added: 0x00000196574b6f10
Event: 1811.081 Thread 0x00000196574b8950 Thread added: 0x00000196574b8950
Event: 1818.591 Thread 0x00000196574b6f10 Thread exited: 0x00000196574b6f10
Event: 1826.095 Thread 0x00000196574b8950 Thread exited: 0x00000196574b8950
Event: 1826.449 Thread 0x00000196574b6880 Thread added: 0x00000196574b6880
Event: 1826.456 Thread 0x00000196574b9670 Thread added: 0x00000196574b9670
Event: 1826.486 Thread 0x00000196574bb0b0 Thread added: 0x00000196574bb0b0
Event: 1826.487 Thread 0x00000196574ba390 Thread added: 0x00000196574ba390
Event: 1828.519 Thread 0x00000196574bb0b0 Thread exited: 0x00000196574bb0b0
Event: 76290.604 Thread 0x00000196574b9670 Thread exited: 0x00000196574b9670


Dynamic libraries:
0x00007ff71d320000 - 0x00007ff71d330000 	C:\Program Files\Java\jdk-22\bin\java.exe
0x00007ffe221d0000 - 0x00007ffe223c8000 	C:\Windows\SYSTEM32\ntdll.dll
0x00007ffdfbc10000 - 0x00007ffdfbc2a000 	C:\Program Files\Avast Software\Avast\aswhook.dll
0x00007ffe22050000 - 0x00007ffe22112000 	C:\Windows\System32\KERNEL32.DLL
0x00007ffe1fa20000 - 0x00007ffe1fd1e000 	C:\Windows\System32\KERNELBASE.dll
0x00007ffe1fd20000 - 0x00007ffe1fe20000 	C:\Windows\System32\ucrtbase.dll
0x00007ffe1a6c0000 - 0x00007ffe1a6d7000 	C:\Program Files\Java\jdk-22\bin\jli.dll
0x00007ffe1b550000 - 0x00007ffe1b56b000 	C:\Program Files\Java\jdk-22\bin\VCRUNTIME140.dll
0x00007ffe21f90000 - 0x00007ffe22041000 	C:\Windows\System32\ADVAPI32.dll
0x00007ffe217a0000 - 0x00007ffe2183e000 	C:\Windows\System32\msvcrt.dll
0x00007ffe218a0000 - 0x00007ffe2193f000 	C:\Windows\System32\sechost.dll
0x00007ffe20b20000 - 0x00007ffe20c43000 	C:\Windows\System32\RPCRT4.dll
0x00007ffe201c0000 - 0x00007ffe201e7000 	C:\Windows\System32\bcrypt.dll
0x00007ffe21600000 - 0x00007ffe2179d000 	C:\Windows\System32\USER32.dll
0x00007ffe20070000 - 0x00007ffe20092000 	C:\Windows\System32\win32u.dll
0x00007ffe071e0000 - 0x00007ffe0747a000 	C:\Windows\WinSxS\amd64_microsoft.windows.common-controls_6595b64144ccf1df_6.0.19041.4355_none_60b8b9eb71f62e16\COMCTL32.dll
0x00007ffe205e0000 - 0x00007ffe2060b000 	C:\Windows\System32\GDI32.dll
0x00007ffe1fe20000 - 0x00007ffe1ff37000 	C:\Windows\System32\gdi32full.dll
0x00007ffe1ff40000 - 0x00007ffe1ffdd000 	C:\Windows\System32\msvcp_win.dll
0x00007ffe189e0000 - 0x00007ffe189ea000 	C:\Windows\SYSTEM32\VERSION.dll
0x00007ffe213c0000 - 0x00007ffe213ef000 	C:\Windows\System32\IMM32.DLL
0x00007ffe1ca30000 - 0x00007ffe1ca3c000 	C:\Program Files\Java\jdk-22\bin\vcruntime140_1.dll
0x00007ffe003e0000 - 0x00007ffe0046e000 	C:\Program Files\Java\jdk-22\bin\msvcp140.dll
0x00007ffdd90d0000 - 0x00007ffdd9e17000 	C:\Program Files\Java\jdk-22\bin\server\jvm.dll
0x00007ffe22120000 - 0x00007ffe2218b000 	C:\Windows\System32\WS2_32.dll
0x00007ffe1ee00000 - 0x00007ffe1ee4b000 	C:\Windows\SYSTEM32\POWRPROF.dll
0x00007ffe15bb0000 - 0x00007ffe15bd7000 	C:\Windows\SYSTEM32\WINMM.dll
0x00007ffe1ec70000 - 0x00007ffe1ec82000 	C:\Windows\SYSTEM32\UMPDC.dll
0x00007ffe1d630000 - 0x00007ffe1d642000 	C:\Windows\SYSTEM32\kernel.appcore.dll
0x00007ffe1c860000 - 0x00007ffe1c86a000 	C:\Program Files\Java\jdk-22\bin\jimage.dll
0x00007ffe17380000 - 0x00007ffe17564000 	C:\Windows\SYSTEM32\DBGHELP.DLL
0x00007ffe17250000 - 0x00007ffe17284000 	C:\Windows\SYSTEM32\dbgcore.DLL
0x00007ffe1ffe0000 - 0x00007ffe20062000 	C:\Windows\System32\bcryptPrimitives.dll
0x00007ffe17780000 - 0x00007ffe1779e000 	C:\Program Files\Java\jdk-22\bin\java.dll
0x00007ffe20c50000 - 0x00007ffe213bd000 	C:\Windows\System32\SHELL32.dll
0x00007ffe204b0000 - 0x00007ffe205db000 	C:\Windows\System32\ole32.dll
0x00007ffe21940000 - 0x00007ffe21c93000 	C:\Windows\System32\combase.dll
0x00007ffe1d910000 - 0x00007ffe1e0b4000 	C:\Windows\SYSTEM32\windows.storage.dll
0x00007ffe1f2a0000 - 0x00007ffe1f2ce000 	C:\Windows\SYSTEM32\Wldp.dll
0x00007ffe21450000 - 0x00007ffe2151d000 	C:\Windows\System32\OLEAUT32.dll
0x00007ffe201f0000 - 0x00007ffe2029d000 	C:\Windows\System32\SHCORE.dll
0x00007ffe21f20000 - 0x00007ffe21f75000 	C:\Windows\System32\shlwapi.dll
0x00007ffe1f7a0000 - 0x00007ffe1f7c4000 	C:\Windows\SYSTEM32\profapi.dll
0x00007ffdf16e0000 - 0x00007ffdf17b7000 	C:\Program Files\Java\jdk-22\bin\jsvml.dll
0x00007ffe1c7d0000 - 0x00007ffe1c7e0000 	C:\Program Files\Java\jdk-22\bin\net.dll
0x00007ffe1f000000 - 0x00007ffe1f06a000 	C:\Windows\system32\mswsock.dll
0x00007ffe0a5a0000 - 0x00007ffe0a5b6000 	C:\Program Files\Java\jdk-22\bin\nio.dll
0x00007ffe0a580000 - 0x00007ffe0a597000 	C:\Program Files\Java\jdk-22\bin\zip.dll
0x00007ffe1b850000 - 0x00007ffe1b860000 	C:\Program Files\Java\jdk-22\bin\verify.dll
0x00007ffe0e8f0000 - 0x00007ffe0e8fa000 	C:\Program Files\Java\jdk-22\bin\management.dll
0x00007ffe0e570000 - 0x00007ffe0e57b000 	C:\Program Files\Java\jdk-22\bin\management_ext.dll
0x00007ffe21f80000 - 0x00007ffe21f88000 	C:\Windows\System32\PSAPI.DLL
0x00007ffe1a6f0000 - 0x00007ffe1a6fe000 	C:\Program Files\Java\jdk-22\bin\sunmscapi.dll
0x00007ffe1f870000 - 0x00007ffe1f9cc000 	C:\Windows\System32\CRYPT32.dll
0x00007ffe1f310000 - 0x00007ffe1f337000 	C:\Windows\SYSTEM32\ncrypt.dll
0x00007ffe1f2d0000 - 0x00007ffe1f30b000 	C:\Windows\SYSTEM32\NTASN1.dll
0x00007ffe134f0000 - 0x00007ffe134f7000 	C:\Windows\system32\wshunix.dll
0x00007ffe1f1f0000 - 0x00007ffe1f208000 	C:\Windows\SYSTEM32\CRYPTSP.dll
0x00007ffe1e850000 - 0x00007ffe1e884000 	C:\Windows\system32\rsaenh.dll
0x00007ffe1f760000 - 0x00007ffe1f78e000 	C:\Windows\SYSTEM32\USERENV.dll
0x00007ffe1f210000 - 0x00007ffe1f21c000 	C:\Windows\SYSTEM32\CRYPTBASE.dll
0x00007ffe1ec90000 - 0x00007ffe1eccb000 	C:\Windows\SYSTEM32\IPHLPAPI.DLL
0x00007ffe202a0000 - 0x00007ffe202a8000 	C:\Windows\System32\NSI.dll
0x00007ffe120e0000 - 0x00007ffe120e9000 	C:\Program Files\Java\jdk-22\bin\extnet.dll
0x00007ffe02ca0000 - 0x00007ffe02cb7000 	C:\Windows\system32\napinsp.dll
0x00007ffe02c80000 - 0x00007ffe02c9b000 	C:\Windows\system32\pnrpnsp.dll
0x00007ffe02c60000 - 0x00007ffe02c75000 	C:\Windows\system32\wshbth.dll
0x00007ffe1cc60000 - 0x00007ffe1cc7d000 	C:\Windows\system32\NLAapi.dll
0x00007ffe1ece0000 - 0x00007ffe1edaa000 	C:\Windows\SYSTEM32\DNSAPI.dll
0x00007ffe02c40000 - 0x00007ffe02c52000 	C:\Windows\System32\winrnr.dll
0x00007ffe135f0000 - 0x00007ffe135fa000 	C:\Windows\System32\rasadhlp.dll
0x00007ffe13990000 - 0x00007ffe13a10000 	C:\Windows\System32\fwpuclnt.dll

dbghelp: loaded successfully - version: 4.0.5 - missing functions: none
symbol engine: initialized successfully - sym options: 0x614 - pdb path: .;C:\Program Files\Java\jdk-22\bin;C:\Windows\SYSTEM32;C:\Program Files\Avast Software\Avast;C:\Windows\WinSxS\amd64_microsoft.windows.common-controls_6595b64144ccf1df_6.0.19041.4355_none_60b8b9eb71f62e16;C:\Program Files\Java\jdk-22\bin\server

VM Arguments:
jvm_args: -Duser.language=en 
java_command: C:\Users\USER\.cache\firebase\emulators\firebase-database-emulator-v4.11.2.jar --host 127.0.0.1 --port 9000 --single_project_mode Warning
java_class_path (initial): C:\Users\USER\.cache\firebase\emulators\firebase-database-emulator-v4.11.2.jar
Launcher Type: SUN_STANDARD

[Global flags]
     intx CICompilerCount                          = 4                                         {product} {ergonomic}
     uint ConcGCThreads                            = 3                                         {product} {ergonomic}
     uint G1ConcRefinementThreads                  = 10                                        {product} {ergonomic}
   size_t G1HeapRegionSize                         = 1048576                                   {product} {ergonomic}
   size_t InitialHeapSize                          = 134217728                                 {product} {ergonomic}
   size_t MarkStackSize                            = 4194304                                   {product} {ergonomic}
   size_t MaxHeapSize                              = 2128609280                                {product} {ergonomic}
   size_t MaxNewSize                               = 1277165568                                {product} {ergonomic}
   size_t MinHeapDeltaBytes                        = 1048576                                   {product} {ergonomic}
   size_t MinHeapSize                              = 8388608                                   {product} {ergonomic}
    uintx NonNMethodCodeHeapSize                   = 5839372                                {pd product} {ergonomic}
    uintx NonProfiledCodeHeapSize                  = 122909434                              {pd product} {ergonomic}
    uintx ProfiledCodeHeapSize                     = 122909434                              {pd product} {ergonomic}
    uintx ReservedCodeCacheSize                    = 251658240                              {pd product} {ergonomic}
     bool SegmentedCodeCache                       = true                                      {product} {ergonomic}
   size_t SoftMaxHeapSize                          = 2128609280                             {manageable} {ergonomic}
     bool UseCompressedOops                        = true                           {product lp64_product} {ergonomic}
     bool UseG1GC                                  = true                                      {product} {ergonomic}
     bool UseLargePagesIndividualAllocation        = false                                  {pd product} {ergonomic}

Logging:
Log output configuration:
 #0: stdout all=warning uptime,level,tags foldmultilines=false
 #1: stderr all=off uptime,level,tags foldmultilines=false

Environment Variables:
PATH=C:\Users\USER\bin;C:\Program Files\Git\mingw64\bin;C:\Program Files\Git\usr\local\bin;C:\Program Files\Git\usr\bin;C:\Program Files\Git\usr\bin;C:\Program Files\Git\mingw64\bin;C:\Program Files\Git\usr\bin;C:\Users\USER\bin;C:\Program Files\Common Files\Oracle\Java\javapath;C:\Python312\Scripts;C:\Python312;C:\Program Files (x86)\Common Files\Intel\Shared Libraries\redist\intel64\compiler;C:\Windows\system32;C:\Windows;C:\Windows\System32\Wbem;C:\Windows\System32\WindowsPowerShell\v1.0;C:\Windows\System32\OpenSSH;C:\Program Files\Common Files\Autodesk Shared;C:\Program Files\Microsoft SQL Server\120\Tools\Binn;C:\Program Files (x86)\Autodesk\Backburner;C:\ProgramData\chocolatey\bin;C:\Program Files\nodejs;C:\Program Files\Java\jdk-22\bin;C:\Program Files (x86)\NVIDIA Corporation\PhysX\Common;C:\Program Files\NVIDIA Corporation\NVIDIA NvDLISR;C:\Program Files\Git\cmd;C:\Users\USER\AppData\Local\Microsoft\WindowsApps;C:\Users\USER\AppData\Local\Programs\Microsoft VS Code\bin;C:\Users\USER\AppData\Roaming\npm;C:\Program Files\Git\usr\bin\vendor_perl;C:\Program Files\Git\usr\bin\core_perl
USERNAME=USER
SHELL=C:\Program Files\Git\usr\bin\bash.exe
DISPLAY=needs-to-be-defined
LANG=es_ES.UTF-8
TERM=xterm-256color
TMPDIR=C:\Users\USER\AppData\Local\Temp
OS=Windows_NT
PROCESSOR_IDENTIFIER=AMD64 Family 23 Model 8 Stepping 2, AuthenticAMD
TMP=C:\Users\USER\AppData\Local\Temp
TEMP=C:\Users\USER\AppData\Local\Temp




Periodic native trim disabled

---------------  S Y S T E M  ---------------

OS:
 Windows 10 , 64 bit Build 19041 (10.0.19041.5072)
OS uptime: 2 days 4:47 hours

CPU: total 12 (initial active 12) (12 cores per cpu, 2 threads per core) family 23 model 8 stepping 2 microcode 0x0, cx8, cmov, fxsr, ht, mmx, 3dnowpref, sse, sse2, sse3, ssse3, sse4a, sse4.1, sse4.2, popcnt, lzcnt, tsc, tscinvbit, avx, avx2, aes, clmul, bmi1, bmi2, adx, sha, fma, vzeroupper, clflush, clflushopt, rdtscp, f16c
Processor Information for all 12 processors :
  Max Mhz: 3400, Current Mhz: 3400, Mhz Limit: 3400

Memory: 4k page, system-wide physical 8117M (256M free)
TotalPageFile size 18117M (AvailPageFile size 350M)
current process WorkingSet (physical memory assigned to process): 164M, peak: 169M
current process commit charge ("private bytes"): 389M, peak: 847M

vm_info: Java HotSpot(TM) 64-Bit Server VM (22.0.1+8-16) for windows-amd64 JRE (22.0.1+8-16), built on 2024-03-12T10:33:16Z by "mach5one" with MS VC++ 17.6 (VS2022)

END.
